#
# There is insufficient memory for the Java Runtime Environment to continue.
# Native memory allocation (malloc) failed to allocate 879616 bytes for Chunk::new
# Possible reasons:
#   The system is out of physical RAM or swap space
#   In 32 bit mode, the process size limit was hit
# Possible solutions:
#   Reduce memory load on the system
#   Increase physical memory or swap space
#   Check if swap backing store is full
#   Use 64 bit Java on a 64 bit OS
#   Decrease Java heap size (-Xmx/-Xms)
#   Decrease number of Java threads
#   Decrease Java thread stack sizes (-Xss)
#   Set larger code cache with -XX:ReservedCodeCacheSize=
# This output file may be truncated or incomplete.
#
#  Out of Memory Error (allocation.cpp:390), pid=9344, tid=9596
#
# JRE version: Java(TM) SE Runtime Environment (8.0_31-b13) (build 1.8.0_31-b13)
# Java VM: Java HotSpot(TM) 64-Bit Server VM (25.31-b07 mixed mode windows-amd64 compressed oops)
# Failed to write core dump. Minidumps are not enabled by default on client versions of Windows
#

---------------  T H R E A D  ---------------

Current thread (0x00000000176fb000):  JavaThread "C2 CompilerThread1" daemon [_thread_in_native, id=9596, stack(0x0000000017dd0000,0x0000000017ed0000)]

Stack: [0x0000000017dd0000,0x0000000017ed0000]
Native frames: (J=compiled Java code, j=interpreted, Vv=VM code, C=native code)
V  [jvm.dll+0x3169ba]


Current CompileTask:
C2:   3655 1250       4       com.android.dx.ssa.SCCP::simulateStmt (481 bytes)


---------------  P R O C E S S  ---------------

Java Threads: ( => current thread )
  0x0000000017a19800 JavaThread "pool-1-thread-4" [_thread_in_vm, id=9060, stack(0x0000000018ed0000,0x0000000018fd0000)]
  0x00000000182ed800 JavaThread "pool-1-thread-3" [_thread_blocked, id=8664, stack(0x0000000018dd0000,0x0000000018ed0000)]
  0x0000000017a23000 JavaThread "pool-1-thread-2" [_thread_blocked, id=9616, stack(0x0000000018cd0000,0x0000000018dd0000)]
  0x00000000182f3800 JavaThread "pool-2-thread-1" [_thread_blocked, id=10188, stack(0x0000000018bd0000,0x0000000018cd0000)]
  0x0000000017999000 JavaThread "pool-1-thread-1" [_thread_blocked, id=5640, stack(0x0000000018ad0000,0x0000000018bd0000)]
  0x000000001777f000 JavaThread "Service Thread" daemon [_thread_blocked, id=964, stack(0x00000000180d0000,0x00000000181d0000)]
  0x000000001774a800 JavaThread "C1 CompilerThread3" daemon [_thread_blocked, id=3720, stack(0x0000000017fd0000,0x00000000180d0000)]
  0x000000001771c000 JavaThread "C2 CompilerThread2" daemon [_thread_in_native, id=8840, stack(0x0000000017ed0000,0x0000000017fd0000)]
=>0x00000000176fb000 JavaThread "C2 CompilerThread1" daemon [_thread_in_native, id=9596, stack(0x0000000017dd0000,0x0000000017ed0000)]
  0x00000000176f8000 JavaThread "C2 CompilerThread0" daemon [_thread_in_native, id=9804, stack(0x0000000017cd0000,0x0000000017dd0000)]
  0x00000000176f5800 JavaThread "Attach Listener" daemon [_thread_blocked, id=9404, stack(0x0000000017bd0000,0x0000000017cd0000)]
  0x00000000176f5000 JavaThread "Signal Dispatcher" daemon [_thread_blocked, id=7104, stack(0x0000000017ad0000,0x0000000017bd0000)]
  0x0000000002bb8800 JavaThread "Finalizer" daemon [_thread_blocked, id=9960, stack(0x00000000175d0000,0x00000000176d0000)]
  0x00000000156dc800 JavaThread "Reference Handler" daemon [_thread_blocked, id=5792, stack(0x00000000174d0000,0x00000000175d0000)]
  0x0000000002abd800 JavaThread "main" [_thread_in_Java, id=7752, stack(0x0000000002940000,0x0000000002a40000)]

Other Threads:
  0x00000000156d8800 VMThread [stack: 0x00000000173d0000,0x00000000174d0000] [id=8736]
  0x0000000017782000 WatcherThread [stack: 0x00000000181d0000,0x00000000182d0000] [id=7820]

VM state:not at safepoint (normal execution)

VM Mutex/Monitor currently owned by a thread: None

Heap:
 PSYoungGen      total 38400K, used 32226K [0x00000000eab00000, 0x00000000ed580000, 0x0000000100000000)
  eden space 33280K, 96% used [0x00000000eab00000,0x00000000eca78908,0x00000000ecb80000)
  from space 5120K, 0% used [0x00000000ed080000,0x00000000ed080000,0x00000000ed580000)
  to   space 5120K, 0% used [0x00000000ecb80000,0x00000000ecb80000,0x00000000ed080000)
 ParOldGen       total 87552K, used 0K [0x00000000c0000000, 0x00000000c5580000, 0x00000000eab00000)
  object space 87552K, 0% used [0x00000000c0000000,0x00000000c0000000,0x00000000c5580000)
 Metaspace       used 5923K, capacity 6896K, committed 7040K, reserved 1056768K
  class space    used 593K, capacity 616K, committed 640K, reserved 1048576K

Card table byte_map: [0x0000000011f80000,0x0000000012190000] byte_map_base: 0x0000000011980000

Marking Bits: (ParMarkBitMap*) 0x000000006886d4f0
 Begin Bits: [0x0000000012af0000, 0x0000000013af0000)
 End Bits:   [0x0000000013af0000, 0x0000000014af0000)

Polling page: 0x00000000028c0000

CodeCache: size=245760Kb used=4889Kb max_used=4900Kb free=240870Kb
 bounds [0x0000000002bc0000, 0x0000000003090000, 0x0000000011bc0000]
 total_blobs=1520 nmethods=1255 adapters=179
 compilation: enabled

Compilation events (10 events):
Event: 3.446 Thread 0x000000001774a800 1254       3       com.android.dx.rop.code.LocalVariableExtractor::doit (49 bytes)
Event: 3.447 Thread 0x000000001774a800 nmethod 1254 0x0000000003077f50 code [0x00000000030780e0, 0x0000000003078598]
Event: 3.448 Thread 0x000000001774a800 1255       3       com.android.dx.dex.code.BlockAddresses::setupArrays (113 bytes)
Event: 3.450 Thread 0x000000001774a800 nmethod 1255 0x0000000003086ed0 code [0x0000000003087180, 0x0000000003088bd8]
Event: 3.450 Thread 0x000000001774a800 1256       3       com.android.dx.dex.code.RopTranslator::outputInstructions (69 bytes)
Event: 3.450 Thread 0x000000001774a800 nmethod 1256 0x0000000003089a10 code [0x0000000003089ba0, 0x0000000003089ff8]
Event: 3.450 Thread 0x000000001774a800 1258       3       com.android.dx.rop.cst.CstBaseMethodRef::isInstanceInit (8 bytes)
Event: 3.451 Thread 0x000000001774a800 nmethod 1258 0x000000000308a1d0 code [0x000000000308a340, 0x000000000308a768]
Event: 3.451 Thread 0x00000000176f8000 nmethod 1253 0x000000000308d790 code [0x000000000308d900, 0x000000000308dbb8]
Event: 3.451 Thread 0x00000000176f8000 1257   !   4       com.android.dx.cf.code.BytecodeArray::parseInstruction (2764 bytes)

GC Heap History (0 events):
No events

Deoptimization events (5 events):
Event: 3.186 Thread 0x0000000017a19800 Uncommon trap: reason=class_check action=maybe_recompile pc=0x0000000002f0e448 method=com.android.dx.ssa.NormalSsaInsn.accept(Lcom/android/dx/ssa/SsaInsn$Visitor;)V @ 9
Event: 3.187 Thread 0x0000000017a19800 Uncommon trap: reason=class_check action=maybe_recompile pc=0x0000000002f0e448 method=com.android.dx.ssa.NormalSsaInsn.accept(Lcom/android/dx/ssa/SsaInsn$Visitor;)V @ 9
Event: 3.188 Thread 0x0000000017a19800 Uncommon trap: reason=class_check action=maybe_recompile pc=0x0000000002f0e448 method=com.android.dx.ssa.NormalSsaInsn.accept(Lcom/android/dx/ssa/SsaInsn$Visitor;)V @ 9
Event: 3.308 Thread 0x0000000017a19800 Uncommon trap: reason=class_check action=maybe_recompile pc=0x0000000002f0e448 method=com.android.dx.ssa.NormalSsaInsn.accept(Lcom/android/dx/ssa/SsaInsn$Visitor;)V @ 9
Event: 3.315 Thread 0x0000000017a19800 Uncommon trap: reason=class_check action=maybe_recompile pc=0x0000000002e5c330 method=com.android.dx.ssa.NormalSsaInsn.accept(Lcom/android/dx/ssa/SsaInsn$Visitor;)V @ 9

Internal exceptions (10 events):
Event: 1.216 Thread 0x0000000017a19800 Exception <a 'java/security/PrivilegedActionException'> (0x00000000eb7e2a58) thrown at [C:\workspace\8-2-build-windows-amd64-cygwin\jdk8u31\2394\hotspot\src\share\vm\prims\jvm.cpp, line 1312]
Event: 1.249 Thread 0x0000000002abd800 Exception <a 'java/security/PrivilegedActionException'> (0x00000000eb68fcf8) thrown at [C:\workspace\8-2-build-windows-amd64-cygwin\jdk8u31\2394\hotspot\src\share\vm\prims\jvm.cpp, line 1312]
Event: 1.251 Thread 0x0000000002abd800 Exception <a 'java/security/PrivilegedActionException'> (0x00000000eb6957c8) thrown at [C:\workspace\8-2-build-windows-amd64-cygwin\jdk8u31\2394\hotspot\src\share\vm\prims\jvm.cpp, line 1312]
Event: 1.251 Thread 0x0000000017a23000 Exception <a 'java/security/PrivilegedActionException'> (0x00000000eb8674f0) thrown at [C:\workspace\8-2-build-windows-amd64-cygwin\jdk8u31\2394\hotspot\src\share\vm\prims\jvm.cpp, line 1312]
Event: 1.257 Thread 0x0000000002abd800 Exception <a 'java/security/PrivilegedActionException'> (0x00000000eb69afe0) thrown at [C:\workspace\8-2-build-windows-amd64-cygwin\jdk8u31\2394\hotspot\src\share\vm\prims\jvm.cpp, line 1312]
Event: 1.298 Thread 0x00000000182ed800 Exception <a 'java/security/PrivilegedActionException'> (0x00000000eb6053f8) thrown at [C:\workspace\8-2-build-windows-amd64-cygwin\jdk8u31\2394\hotspot\src\share\vm\prims\jvm.cpp, line 1312]
Event: 1.434 Thread 0x0000000017a23000 Exception <a 'java/security/PrivilegedActionException'> (0x00000000eba77070) thrown at [C:\workspace\8-2-build-windows-amd64-cygwin\jdk8u31\2394\hotspot\src\share\vm\prims\jvm.cpp, line 1312]
Event: 1.451 Thread 0x0000000017a23000 Exception <a 'java/security/PrivilegedActionException'> (0x00000000eba90558) thrown at [C:\workspace\8-2-build-windows-amd64-cygwin\jdk8u31\2394\hotspot\src\share\vm\prims\jvm.cpp, line 1312]
Event: 2.321 Thread 0x0000000002abd800 Exception <a 'java/security/PrivilegedActionException'> (0x00000000ebcc8f78) thrown at [C:\workspace\8-2-build-windows-amd64-cygwin\jdk8u31\2394\hotspot\src\share\vm\prims\jvm.cpp, line 1312]
Event: 2.323 Thread 0x0000000002abd800 Exception <a 'java/security/PrivilegedActionException'> (0x00000000ec0bb998) thrown at [C:\workspace\8-2-build-windows-amd64-cygwin\jdk8u31\2394\hotspot\src\share\vm\prims\jvm.cpp, line 1312]

Events (10 events):
Event: 3.308 Thread 0x0000000017a19800 DEOPT UNPACKING pc=0x0000000002c0556a sp=0x0000000018fce5a0 mode 2
Event: 3.315 Thread 0x0000000017a19800 Uncommon trap: trap_request=0xffffffde fr.pc=0x0000000002e5c330
Event: 3.315 Thread 0x0000000017a19800 DEOPT PACKING pc=0x0000000002e5c330 sp=0x0000000018fce680
Event: 3.315 Thread 0x0000000017a19800 DEOPT UNPACKING pc=0x0000000002c0556a sp=0x0000000018fce620 mode 2
Event: 3.425 loading class java/util/TreeMap$EntrySet
Event: 3.425 loading class java/util/TreeMap$EntrySet done
Event: 3.425 loading class java/util/TreeMap$EntryIterator
Event: 3.425 loading class java/util/TreeMap$EntryIterator done
Event: 3.425 Executing VM operation: Deoptimize
Event: 3.426 Executing VM operation: Deoptimize done


Dynamic libraries:
0x00007ff79e130000 - 0x00007ff79e164000 	C:\Program Files\Java\jdk1.8.0_31\bin\java.exe
0x00007ffc79220000 - 0x00007ffc793cd000 	C:\Windows\SYSTEM32\ntdll.dll
0x00007ffc77940000 - 0x00007ffc77a7e000 	C:\Windows\system32\KERNEL32.DLL
0x00007ffc76410000 - 0x00007ffc76525000 	C:\Windows\system32\KERNELBASE.dll
0x00007ffc74ec0000 - 0x00007ffc74f4e000 	C:\Windows\system32\apphelp.dll
0x00007ffc66070000 - 0x00007ffc660c3000 	C:\Windows\AppPatch\AppPatch64\AcGenral.DLL
0x00007ffc77890000 - 0x00007ffc7793a000 	C:\Windows\system32\msvcrt.dll
0x00007ffc76530000 - 0x00007ffc7655e000 	C:\Windows\system32\SspiCli.dll
0x00007ffc771d0000 - 0x00007ffc77224000 	C:\Windows\system32\SHLWAPI.dll
0x00007ffc77050000 - 0x00007ffc771c7000 	C:\Windows\system32\USER32.dll
0x00007ffc76cf0000 - 0x00007ffc76e84000 	C:\Windows\system32\ole32.dll
0x00007ffc77a80000 - 0x00007ffc78fa8000 	C:\Windows\system32\SHELL32.dll
0x00007ffc758c0000 - 0x00007ffc758e1000 	C:\Windows\SYSTEM32\USERENV.dll
0x00007ffc79070000 - 0x00007ffc7911a000 	C:\Windows\system32\ADVAPI32.dll
0x00007ffc68930000 - 0x00007ffc6894e000 	C:\Windows\SYSTEM32\MPR.dll
0x00007ffc772f0000 - 0x00007ffc77430000 	C:\Windows\system32\RPCRT4.dll
0x00007ffc79160000 - 0x00007ffc791b9000 	C:\Windows\SYSTEM32\sechost.dll
0x00007ffc77670000 - 0x00007ffc77881000 	C:\Windows\SYSTEM32\combase.dll
0x00007ffc768a0000 - 0x00007ffc769ef000 	C:\Windows\system32\GDI32.dll
0x00007ffc76340000 - 0x00007ffc76355000 	C:\Windows\SYSTEM32\profapi.dll
0x00007ffc74870000 - 0x00007ffc74922000 	C:\Windows\SYSTEM32\SHCORE.dll
0x00007ffc79120000 - 0x00007ffc79156000 	C:\Windows\system32\IMM32.DLL
0x00007ffc76ef0000 - 0x00007ffc77042000 	C:\Windows\system32\MSCTF.dll
0x00007ffc762f0000 - 0x00007ffc76321000 	C:\Windows\system32\nvinitx.dll
0x00007ffc762e0000 - 0x00007ffc762ea000 	C:\Windows\SYSTEM32\VERSION.dll
0x000000006bef0000 - 0x000000006bef6000 	C:\Program Files\NVIDIA Corporation\CoProcManager\_etoured.dll
0x00007ffc743b0000 - 0x00007ffc743e2000 	C:\Program Files\NVIDIA Corporation\CoProcManager\nvd3d9wrapx.dll
0x00007ffc76a10000 - 0x00007ffc76bea000 	C:\Windows\system32\SETUPAPI.dll
0x00007ffc76560000 - 0x00007ffc765af000 	C:\Windows\system32\CFGMGR32.dll
0x00007ffc74380000 - 0x00007ffc743a2000 	C:\Program Files\NVIDIA Corporation\CoProcManager\nvdxgiwrapx.dll
0x00007ffc743f0000 - 0x00007ffc7466b000 	C:\Windows\WinSxS\amd64_microsoft.windows.common-controls_6595b64144ccf1df_6.0.9600.18006_none_623f33d3ecbe86e8\COMCTL32.dll
0x00000000688f0000 - 0x00000000689c2000 	C:\Program Files\Java\jdk1.8.0_31\jre\bin\msvcr100.dll
0x0000000068090000 - 0x00000000688ea000 	C:\Program Files\Java\jdk1.8.0_31\jre\bin\server\jvm.dll
0x00007ffc6e370000 - 0x00007ffc6e379000 	C:\Windows\SYSTEM32\WSOCK32.dll
0x00007ffc71f30000 - 0x00007ffc71f52000 	C:\Windows\SYSTEM32\WINMM.dll
0x00007ffc769f0000 - 0x00007ffc769f7000 	C:\Windows\system32\PSAPI.DLL
0x00007ffc76e90000 - 0x00007ffc76eea000 	C:\Windows\system32\WS2_32.dll
0x00007ffc71a60000 - 0x00007ffc71a8a000 	C:\Windows\SYSTEM32\WINMMBASE.dll
0x00007ffc76ce0000 - 0x00007ffc76ce9000 	C:\Windows\system32\NSI.dll
0x00007ffc75140000 - 0x00007ffc75168000 	C:\Windows\SYSTEM32\DEVOBJ.dll
0x0000000068080000 - 0x000000006808f000 	C:\Program Files\Java\jdk1.8.0_31\jre\bin\verify.dll
0x0000000068050000 - 0x0000000068078000 	C:\Program Files\Java\jdk1.8.0_31\jre\bin\java.dll
0x0000000068030000 - 0x0000000068046000 	C:\Program Files\Java\jdk1.8.0_31\jre\bin\zip.dll
0x00007ffc6a490000 - 0x00007ffc6a619000 	C:\Windows\SYSTEM32\dbghelp.dll

VM Arguments:
jvm_args: -Djava.awt.headless=true -Xmx1024M -Dfile.encoding=windows-1252 -Duser.country=US -Duser.language=en -Duser.variant 
java_command: com.android.dx.command.Main --dex --num-threads=4 --output C:\tmp\T02.04-Exercise-ConnectingToTheInternet\app\intermediates\pre-dexed\debug\com.android.support-support-media-compat-25.0.1_f2a67882481c27ad8d218f53fdeaf2950e8ae022.jar C:\tmp\T02.04-Exercise-ConnectingToTheInternet\app\intermediates\exploded-aar\com.android.support\support-media-compat\25.0.1\jars\classes.jar
java_class_path (initial): D:\Android\sdk\build-tools\25.0.1\lib\dx.jar
Launcher Type: SUN_STANDARD

Environment Variables:
PATH=C:\ProgramData\Oracle\Java\javapath;C:\Windows\system32;C:\Windows;C:\Windows\System32\Wbem;C:\Windows\System32\WindowsPowerShell\v1.0\;C:\Program Files (x86)\NVIDIA Corporation\PhysX\Common;C:\Program Files\Java\jdk1.8.0_71\bin;C:\Program Files (x86)\Skype\Phone\;C:\Program Files\Microsoft SQL Server\120\Tools\Binn\;C:\Program Files\Microsoft SQL Server\130\Tools\Binn\;C:\Program Files (x86)\Windows Kits\10\Windows Performance Toolkit\;C:\Program Files (x86)\GtkSharp\2.12\bin;D:\nodejs\;C:\Users\Ngoc Nguyen\AppData\Roaming\npm
USERNAME=Ngoc Nguyen account
OS=Windows_NT
PROCESSOR_IDENTIFIER=Intel64 Family 6 Model 58 Stepping 9, GenuineIntel



---------------  S Y S T E M  ---------------

OS: Windows 8.1 , 64 bit Build 9600 

CPU:total 8 (4 cores per cpu, 2 threads per core) family 6 model 58 stepping 9, cmov, cx8, fxsr, mmx, sse, sse2, sse3, ssse3, sse4.1, sse4.2, popcnt, avx, aes, clmul, erms, ht, tsc, tscinvbit, tscinv

Memory: 4k page, physical 8271356k(965812k free), swap 11417084k(5116k free)

vm_info: Java HotSpot(TM) 64-Bit Server VM (25.31-b07) for windows-amd64 JRE (1.8.0_31-b13), built on Dec 17 2014 21:00:28 by "java_re" with MS VC++ 10.0 (VS2010)

time: Fri Dec 30 21:53:57 2016
elapsed time: 3 seconds (0d 0h 0m 3s)

