#
# There is insufficient memory for the Java Runtime Environment to continue.
# Native memory allocation (malloc) failed to allocate 1232576 bytes for Chunk::new
# Possible reasons:
#   The system is out of physical RAM or swap space
#   In 32 bit mode, the process size limit was hit
# Possible solutions:
#   Reduce memory load on the system
#   Increase physical memory or swap space
#   Check if swap backing store is full
#   Use 64 bit Java on a 64 bit OS
#   Decrease Java heap size (-Xmx/-Xms)
#   Decrease number of Java threads
#   Decrease Java thread stack sizes (-Xss)
#   Set larger code cache with -XX:ReservedCodeCacheSize=
# This output file may be truncated or incomplete.
#
#  Out of Memory Error (allocation.cpp:390), pid=7700, tid=5884
#
# JRE version: Java(TM) SE Runtime Environment (8.0_31-b13) (build 1.8.0_31-b13)
# Java VM: Java HotSpot(TM) 64-Bit Server VM (25.31-b07 mixed mode windows-amd64 compressed oops)
# Failed to write core dump. Minidumps are not enabled by default on client versions of Windows
#

---------------  T H R E A D  ---------------

Current thread (0x00000000178d7000):  JavaThread "C2 CompilerThread0" daemon [_thread_in_native, id=5884, stack(0x0000000017eb0000,0x0000000017fb0000)]

Stack: [0x0000000017eb0000,0x0000000017fb0000]
Native frames: (J=compiled Java code, j=interpreted, Vv=VM code, C=native code)
V  [jvm.dll+0x3169ba]
V  [jvm.dll+0x2674c3]
V  [jvm.dll+0x268103]
V  [jvm.dll+0x25f8f5]
V  [jvm.dll+0xbf025]
V  [jvm.dll+0xbf4cc]
V  [jvm.dll+0x45df82]
V  [jvm.dll+0x49f21f]
V  [jvm.dll+0x452daf]
V  [jvm.dll+0x454124]
V  [jvm.dll+0x437c62]
V  [jvm.dll+0x988e2]
V  [jvm.dll+0x990d3]
V  [jvm.dll+0x22c194]
V  [jvm.dll+0x28576a]
C  [msvcr100.dll+0x21d9f]
C  [msvcr100.dll+0x21e3b]
C  [KERNEL32.DLL+0x13d2]
C  [ntdll.dll+0x154e4]


Current CompileTask:
C2:  40301 2870       4       com.android.dx.dex.code.DalvCode::finishProcessingIfNecessary (69 bytes)


---------------  P R O C E S S  ---------------

Java Threads: ( => current thread )
  0x000000000138d800 JavaThread "DestroyJavaVM" [_thread_blocked, id=8612, stack(0x0000000002b10000,0x0000000002c10000)]
  0x0000000017939800 JavaThread "Service Thread" daemon [_thread_blocked, id=208, stack(0x00000000182b0000,0x00000000183b0000)]
  0x000000001792c800 JavaThread "C1 CompilerThread3" daemon [_thread_blocked, id=5476, stack(0x00000000181b0000,0x00000000182b0000)]
  0x000000001792a000 JavaThread "C2 CompilerThread2" daemon [_thread_blocked, id=9040, stack(0x00000000180b0000,0x00000000181b0000)]
  0x0000000017927000 JavaThread "C2 CompilerThread1" daemon [_thread_in_native, id=7076, stack(0x0000000017fb0000,0x00000000180b0000)]
=>0x00000000178d7000 JavaThread "C2 CompilerThread0" daemon [_thread_in_native, id=5884, stack(0x0000000017eb0000,0x0000000017fb0000)]
  0x00000000178d4800 JavaThread "Attach Listener" daemon [_thread_blocked, id=7784, stack(0x0000000017db0000,0x0000000017eb0000)]
  0x00000000178d4000 JavaThread "Signal Dispatcher" daemon [_thread_blocked, id=6000, stack(0x0000000017cb0000,0x0000000017db0000)]
  0x0000000002d97800 JavaThread "Finalizer" daemon [_thread_blocked, id=6400, stack(0x00000000177b0000,0x00000000178b0000)]
  0x00000000158bc800 JavaThread "Reference Handler" daemon [_thread_blocked, id=9632, stack(0x00000000176b0000,0x00000000177b0000)]

Other Threads:
  0x00000000158b8800 VMThread [stack: 0x00000000175b0000,0x00000000176b0000] [id=8644]
  0x000000001793a800 WatcherThread [stack: 0x00000000183b0000,0x00000000184b0000] [id=7416]

VM state:not at safepoint (normal execution)

VM Mutex/Monitor currently owned by a thread: None

Heap:
 PSYoungGen      total 138240K, used 49757K [0x00000000eab00000, 0x00000000f3700000, 0x0000000100000000)
  eden space 133120K, 33% used [0x00000000eab00000,0x00000000ed699518,0x00000000f2d00000)
  from space 5120K, 99% used [0x00000000f2d00000,0x00000000f31fe028,0x00000000f3200000)
  to   space 5120K, 0% used [0x00000000f3200000,0x00000000f3200000,0x00000000f3700000)
 ParOldGen       total 87552K, used 43874K [0x00000000c0000000, 0x00000000c5580000, 0x00000000eab00000)
  object space 87552K, 50% used [0x00000000c0000000,0x00000000c2ad8968,0x00000000c5580000)
 Metaspace       used 7401K, capacity 7832K, committed 7936K, reserved 1056768K
  class space    used 693K, capacity 720K, committed 768K, reserved 1048576K

Card table byte_map: [0x0000000012160000,0x0000000012370000] byte_map_base: 0x0000000011b60000

Marking Bits: (ParMarkBitMap*) 0x000000006886d4f0
 Begin Bits: [0x0000000012cd0000, 0x0000000013cd0000)
 End Bits:   [0x0000000013cd0000, 0x0000000014cd0000)

Polling page: 0x0000000001180000

CodeCache: size=245760Kb used=10368Kb max_used=11186Kb free=235391Kb
 bounds [0x0000000002da0000, 0x00000000038a0000, 0x0000000011da0000]
 total_blobs=2712 nmethods=2436 adapters=189
 compilation: enabled

Compilation events (10 events):
Event: 24.558 Thread 0x000000001792c800 3043       2       sun.util.calendar.AbstractCalendar::setTimeOfDay (116 bytes)
Event: 24.559 Thread 0x000000001792c800 nmethod 3043 0x0000000002fd4b90 code [0x0000000002fd4d00, 0x0000000002fd5048]
Event: 24.559 Thread 0x000000001792c800 3040       2       java.lang.Package::isSealed (13 bytes)
Event: 24.559 Thread 0x000000001792c800 nmethod 3040 0x0000000003202650 code [0x00000000032027a0, 0x0000000003202910]
Event: 24.559 Thread 0x000000001792c800 3041       2       java.net.URLClassLoader::isSealed (72 bytes)
Event: 24.560 Thread 0x000000001792c800 nmethod 3041 0x0000000003201e10 code [0x0000000003201fe0, 0x0000000003202338]
Event: 24.560 Thread 0x000000001792c800 3042       2       java.lang.ClassLoader::compareCerts (149 bytes)
Event: 24.561 Thread 0x000000001792c800 nmethod 3042 0x0000000003201550 code [0x00000000032016e0, 0x0000000003201b78]
Event: 24.562 Thread 0x000000001792c800 3046       2       java.util.Objects::requireNonNull (15 bytes)
Event: 24.562 Thread 0x000000001792c800 nmethod 3046 0x0000000003200dd0 code [0x0000000003200f40, 0x0000000003201108]

GC Heap History (10 events):
Event: 0.881 GC heap before
{Heap before GC invocations=1 (full 0):
 PSYoungGen      total 38400K, used 33280K [0x00000000eab00000, 0x00000000ed580000, 0x0000000100000000)
  eden space 33280K, 100% used [0x00000000eab00000,0x00000000ecb80000,0x00000000ecb80000)
  from space 5120K, 0% used [0x00000000ed080000,0x00000000ed080000,0x00000000ed580000)
  to   space 5120K, 0% used [0x00000000ecb80000,0x00000000ecb80000,0x00000000ed080000)
 ParOldGen       total 87552K, used 0K [0x00000000c0000000, 0x00000000c5580000, 0x00000000eab00000)
  object space 87552K, 0% used [0x00000000c0000000,0x00000000c0000000,0x00000000c5580000)
 Metaspace       used 5883K, capacity 6832K, committed 7040K, reserved 1056768K
  class space    used 592K, capacity 616K, committed 640K, reserved 1048576K
Event: 0.934 GC heap after
Heap after GC invocations=1 (full 0):
 PSYoungGen      total 38400K, used 5109K [0x00000000eab00000, 0x00000000ef600000, 0x0000000100000000)
  eden space 33280K, 0% used [0x00000000eab00000,0x00000000eab00000,0x00000000ecb80000)
  from space 5120K, 99% used [0x00000000ecb80000,0x00000000ed07d640,0x00000000ed080000)
  to   space 5120K, 0% used [0x00000000ef100000,0x00000000ef100000,0x00000000ef600000)
 ParOldGen       total 87552K, used 1009K [0x00000000c0000000, 0x00000000c5580000, 0x00000000eab00000)
  object space 87552K, 1% used [0x00000000c0000000,0x00000000c00fc6f0,0x00000000c5580000)
 Metaspace       used 5883K, capacity 6832K, committed 7040K, reserved 1056768K
  class space    used 592K, capacity 616K, committed 640K, reserved 1048576K
}
Event: 1.499 GC heap before
{Heap before GC invocations=2 (full 0):
 PSYoungGen      total 38400K, used 38389K [0x00000000eab00000, 0x00000000ef600000, 0x0000000100000000)
  eden space 33280K, 100% used [0x00000000eab00000,0x00000000ecb80000,0x00000000ecb80000)
  from space 5120K, 99% used [0x00000000ecb80000,0x00000000ed07d640,0x00000000ed080000)
  to   space 5120K, 0% used [0x00000000ef100000,0x00000000ef100000,0x00000000ef600000)
 ParOldGen       total 87552K, used 1009K [0x00000000c0000000, 0x00000000c5580000, 0x00000000eab00000)
  object space 87552K, 1% used [0x00000000c0000000,0x00000000c00fc6f0,0x00000000c5580000)
 Metaspace       used 6079K, capacity 7024K, committed 7296K, reserved 1056768K
  class space    used 593K, capacity 616K, committed 640K, reserved 1048576K
Event: 1.573 GC heap after
Heap after GC invocations=2 (full 0):
 PSYoungGen      total 71680K, used 5093K [0x00000000eab00000, 0x00000000ef600000, 0x0000000100000000)
  eden space 66560K, 0% used [0x00000000eab00000,0x00000000eab00000,0x00000000eec00000)
  from space 5120K, 99% used [0x00000000ef100000,0x00000000ef5f9780,0x00000000ef600000)
  to   space 5120K, 0% used [0x00000000eec00000,0x00000000eec00000,0x00000000ef100000)
 ParOldGen       total 87552K, used 4963K [0x00000000c0000000, 0x00000000c5580000, 0x00000000eab00000)
  object space 87552K, 5% used [0x00000000c0000000,0x00000000c04d8fc0,0x00000000c5580000)
 Metaspace       used 6079K, capacity 7024K, committed 7296K, reserved 1056768K
  class space    used 593K, capacity 616K, committed 640K, reserved 1048576K
}
Event: 2.059 GC heap before
{Heap before GC invocations=3 (full 0):
 PSYoungGen      total 71680K, used 71653K [0x00000000eab00000, 0x00000000ef600000, 0x0000000100000000)
  eden space 66560K, 100% used [0x00000000eab00000,0x00000000eec00000,0x00000000eec00000)
  from space 5120K, 99% used [0x00000000ef100000,0x00000000ef5f9780,0x00000000ef600000)
  to   space 5120K, 0% used [0x00000000eec00000,0x00000000eec00000,0x00000000ef100000)
 ParOldGen       total 87552K, used 4963K [0x00000000c0000000, 0x00000000c5580000, 0x00000000eab00000)
  object space 87552K, 5% used [0x00000000c0000000,0x00000000c04d8fc0,0x00000000c5580000)
 Metaspace       used 6226K, capacity 7152K, committed 7296K, reserved 1056768K
  class space    used 593K, capacity 616K, committed 640K, reserved 1048576K
Event: 2.088 GC heap after
Heap after GC invocations=3 (full 0):
 PSYoungGen      total 71680K, used 5094K [0x00000000eab00000, 0x00000000f3700000, 0x0000000100000000)
  eden space 66560K, 0% used [0x00000000eab00000,0x00000000eab00000,0x00000000eec00000)
  from space 5120K, 99% used [0x00000000eec00000,0x00000000ef0f9960,0x00000000ef100000)
  to   space 5120K, 0% used [0x00000000f3200000,0x00000000f3200000,0x00000000f3700000)
 ParOldGen       total 87552K, used 14619K [0x00000000c0000000, 0x00000000c5580000, 0x00000000eab00000)
  object space 87552K, 16% used [0x00000000c0000000,0x00000000c0e46dc8,0x00000000c5580000)
 Metaspace       used 6226K, capacity 7152K, committed 7296K, reserved 1056768K
  class space    used 593K, capacity 616K, committed 640K, reserved 1048576K
}
Event: 6.933 GC heap before
{Heap before GC invocations=4 (full 0):
 PSYoungGen      total 71680K, used 71654K [0x00000000eab00000, 0x00000000f3700000, 0x0000000100000000)
  eden space 66560K, 100% used [0x00000000eab00000,0x00000000eec00000,0x00000000eec00000)
  from space 5120K, 99% used [0x00000000eec00000,0x00000000ef0f9960,0x00000000ef100000)
  to   space 5120K, 0% used [0x00000000f3200000,0x00000000f3200000,0x00000000f3700000)
 ParOldGen       total 87552K, used 14619K [0x00000000c0000000, 0x00000000c5580000, 0x00000000eab00000)
  object space 87552K, 16% used [0x00000000c0000000,0x00000000c0e46dc8,0x00000000c5580000)
 Metaspace       used 6346K, capacity 7192K, committed 7424K, reserved 1056768K
  class space    used 614K, capacity 656K, committed 768K, reserved 1048576K
Event: 6.969 GC heap after
Heap after GC invocations=4 (full 0):
 PSYoungGen      total 138240K, used 5119K [0x00000000eab00000, 0x00000000f3700000, 0x0000000100000000)
  eden space 133120K, 0% used [0x00000000eab00000,0x00000000eab00000,0x00000000f2d00000)
  from space 5120K, 99% used [0x00000000f3200000,0x00000000f36ffc28,0x00000000f3700000)
  to   space 5120K, 0% used [0x00000000f2d00000,0x00000000f2d00000,0x00000000f3200000)
 ParOldGen       total 87552K, used 24222K [0x00000000c0000000, 0x00000000c5580000, 0x00000000eab00000)
  object space 87552K, 27% used [0x00000000c0000000,0x00000000c17a7a30,0x00000000c5580000)
 Metaspace       used 6346K, capacity 7192K, committed 7424K, reserved 1056768K
  class space    used 614K, capacity 656K, committed 768K, reserved 1048576K
}
Event: 22.078 GC heap before
{Heap before GC invocations=5 (full 0):
 PSYoungGen      total 138240K, used 138239K [0x00000000eab00000, 0x00000000f3700000, 0x0000000100000000)
  eden space 133120K, 100% used [0x00000000eab00000,0x00000000f2d00000,0x00000000f2d00000)
  from space 5120K, 99% used [0x00000000f3200000,0x00000000f36ffc28,0x00000000f3700000)
  to   space 5120K, 0% used [0x00000000f2d00000,0x00000000f2d00000,0x00000000f3200000)
 ParOldGen       total 87552K, used 24222K [0x00000000c0000000, 0x00000000c5580000, 0x00000000eab00000)
  object space 87552K, 27% used [0x00000000c0000000,0x00000000c17a7a30,0x00000000c5580000)
 Metaspace       used 6411K, capacity 7256K, committed 7424K, reserved 1056768K
  class space    used 615K, capacity 656K, committed 768K, reserved 1048576K
Event: 22.217 GC heap after
Heap after GC invocations=5 (full 0):
 PSYoungGen      total 138240K, used 5112K [0x00000000eab00000, 0x00000000f3700000, 0x0000000100000000)
  eden space 133120K, 0% used [0x00000000eab00000,0x00000000eab00000,0x00000000f2d00000)
  from space 5120K, 99% used [0x00000000f2d00000,0x00000000f31fe028,0x00000000f3200000)
  to   space 5120K, 0% used [0x00000000f3200000,0x00000000f3200000,0x00000000f3700000)
 ParOldGen       total 87552K, used 43874K [0x00000000c0000000, 0x00000000c5580000, 0x00000000eab00000)
  object space 87552K, 50% used [0x00000000c0000000,0x00000000c2ad8968,0x00000000c5580000)
 Metaspace       used 6411K, capacity 7256K, committed 7424K, reserved 1056768K
  class space    used 615K, capacity 656K, committed 768K, reserved 1048576K
}

Deoptimization events (10 events):
Event: 22.910 Thread 0x000000000138d800 Uncommon trap: reason=class_check action=maybe_recompile pc=0x000000000307ef1c method=java.util.Arrays.equals([Ljava/lang/Object;[Ljava/lang/Object;)Z @ 62
Event: 22.910 Thread 0x000000000138d800 Uncommon trap: reason=speculate_class_check action=maybe_recompile pc=0x00000000030a3678 method=com.android.dx.util.FixedSizeList.equals(Ljava/lang/Object;)Z @ 25
Event: 22.910 Thread 0x000000000138d800 Uncommon trap: reason=class_check action=maybe_recompile pc=0x000000000307ef1c method=java.util.Arrays.equals([Ljava/lang/Object;[Ljava/lang/Object;)Z @ 62
Event: 22.910 Thread 0x000000000138d800 Uncommon trap: reason=class_check action=maybe_recompile pc=0x000000000307ef1c method=java.util.Arrays.equals([Ljava/lang/Object;[Ljava/lang/Object;)Z @ 62
Event: 22.949 Thread 0x000000000138d800 Uncommon trap: reason=unreached action=reinterpret pc=0x0000000003807478 method=com.android.dx.dex.code.OutputFinisher.findOpcodeForInsn(Lcom/android/dx/dex/code/DalvInsn;Lcom/android/dx/dex/code/Dop;)Lcom/android/dx/dex/code/Dop; @ 1
Event: 24.503 Thread 0x000000000138d800 Uncommon trap: reason=unreached action=reinterpret pc=0x00000000030919e8 method=java.util.Arrays.copyOf([Ljava/lang/Object;ILjava/lang/Class;)[Ljava/lang/Object; @ 3
Event: 24.505 Thread 0x000000000138d800 Uncommon trap: reason=speculate_class_check action=maybe_recompile pc=0x00000000037b5218 method=java.util.HashMap.putVal(ILjava/lang/Object;Ljava/lang/Object;ZZ)Ljava/lang/Object; @ 56
Event: 24.505 Thread 0x000000000138d800 Uncommon trap: reason=speculate_class_check action=maybe_recompile pc=0x00000000037b5278 method=java.util.HashMap.putVal(ILjava/lang/Object;Ljava/lang/Object;ZZ)Ljava/lang/Object; @ 152
Event: 24.505 Thread 0x000000000138d800 Uncommon trap: reason=speculate_class_check action=maybe_recompile pc=0x00000000037b5218 method=java.util.HashMap.putVal(ILjava/lang/Object;Ljava/lang/Object;ZZ)Ljava/lang/Object; @ 56
Event: 24.505 Thread 0x000000000138d800 Uncommon trap: reason=speculate_class_check action=maybe_recompile pc=0x00000000037b5218 method=java.util.HashMap.putVal(ILjava/lang/Object;Ljava/lang/Object;ZZ)Ljava/lang/Object; @ 56

Internal exceptions (10 events):
Event: 24.554 Thread 0x000000000138d800 Exception <a 'java/security/PrivilegedActionException'> (0x00000000ed4a9390) thrown at [C:\workspace\8-2-build-windows-amd64-cygwin\jdk8u31\2394\hotspot\src\share\vm\prims\jvm.cpp, line 1312]
Event: 24.554 Thread 0x000000000138d800 Exception <a 'java/security/PrivilegedActionException'> (0x00000000ed4adc28) thrown at [C:\workspace\8-2-build-windows-amd64-cygwin\jdk8u31\2394\hotspot\src\share\vm\prims\jvm.cpp, line 1312]
Event: 24.555 Thread 0x000000000138d800 Exception <a 'java/security/PrivilegedActionException'> (0x00000000ed4af938) thrown at [C:\workspace\8-2-build-windows-amd64-cygwin\jdk8u31\2394\hotspot\src\share\vm\prims\jvm.cpp, line 1312]
Event: 24.555 Thread 0x000000000138d800 Exception <a 'java/security/PrivilegedActionException'> (0x00000000ed4b1ac8) thrown at [C:\workspace\8-2-build-windows-amd64-cygwin\jdk8u31\2394\hotspot\src\share\vm\prims\jvm.cpp, line 1312]
Event: 24.555 Thread 0x000000000138d800 Exception <a 'java/security/PrivilegedActionException'> (0x00000000ed4b37d8) thrown at [C:\workspace\8-2-build-windows-amd64-cygwin\jdk8u31\2394\hotspot\src\share\vm\prims\jvm.cpp, line 1312]
Event: 24.556 Thread 0x000000000138d800 Exception <a 'java/security/PrivilegedActionException'> (0x00000000ed4b6bc0) thrown at [C:\workspace\8-2-build-windows-amd64-cygwin\jdk8u31\2394\hotspot\src\share\vm\prims\jvm.cpp, line 1312]
Event: 24.557 Thread 0x000000000138d800 Exception <a 'java/security/PrivilegedActionException'> (0x00000000ed4b99b8) thrown at [C:\workspace\8-2-build-windows-amd64-cygwin\jdk8u31\2394\hotspot\src\share\vm\prims\jvm.cpp, line 1312]
Event: 24.557 Thread 0x000000000138d800 Exception <a 'java/security/PrivilegedActionException'> (0x00000000ed4bcc00) thrown at [C:\workspace\8-2-build-windows-amd64-cygwin\jdk8u31\2394\hotspot\src\share\vm\prims\jvm.cpp, line 1312]
Event: 24.557 Thread 0x000000000138d800 Exception <a 'java/security/PrivilegedActionException'> (0x00000000ed4bfe10) thrown at [C:\workspace\8-2-build-windows-amd64-cygwin\jdk8u31\2394\hotspot\src\share\vm\prims\jvm.cpp, line 1312]
Event: 24.563 Thread 0x000000000138d800 Exception <a 'java/security/PrivilegedActionException'> (0x00000000ed4c3060) thrown at [C:\workspace\8-2-build-windows-amd64-cygwin\jdk8u31\2394\hotspot\src\share\vm\prims\jvm.cpp, line 1312]

Events (10 events):
Event: 24.556 loading class com/android/dx/merge/InstructionTransformer$GenericVisitor
Event: 24.556 loading class com/android/dx/merge/InstructionTransformer$GenericVisitor done
Event: 24.557 loading class com/android/dx/merge/InstructionTransformer$StringVisitor
Event: 24.557 loading class com/android/dx/merge/InstructionTransformer$StringVisitor done
Event: 24.557 loading class com/android/dx/merge/InstructionTransformer$TypeVisitor
Event: 24.557 loading class com/android/dx/merge/InstructionTransformer$TypeVisitor done
Event: 24.557 loading class com/android/dx/merge/InstructionTransformer$FieldVisitor
Event: 24.557 loading class com/android/dx/merge/InstructionTransformer$FieldVisitor done
Event: 24.562 loading class com/android/dx/merge/InstructionTransformer$MethodVisitor
Event: 24.562 loading class com/android/dx/merge/InstructionTransformer$MethodVisitor done


Dynamic libraries:
0x00007ff79e130000 - 0x00007ff79e164000 	C:\Program Files\Java\jdk1.8.0_31\bin\java.exe
0x00007ffc79220000 - 0x00007ffc793cd000 	C:\Windows\SYSTEM32\ntdll.dll
0x00007ffc77940000 - 0x00007ffc77a7e000 	C:\Windows\system32\KERNEL32.DLL
0x00007ffc76410000 - 0x00007ffc76525000 	C:\Windows\system32\KERNELBASE.dll
0x00007ffc74ec0000 - 0x00007ffc74f4e000 	C:\Windows\system32\apphelp.dll
0x00007ffc66070000 - 0x00007ffc660c3000 	C:\Windows\AppPatch\AppPatch64\AcGenral.DLL
0x00007ffc77890000 - 0x00007ffc7793a000 	C:\Windows\system32\msvcrt.dll
0x00007ffc76530000 - 0x00007ffc7655e000 	C:\Windows\system32\SspiCli.dll
0x00007ffc771d0000 - 0x00007ffc77224000 	C:\Windows\system32\SHLWAPI.dll
0x00007ffc77050000 - 0x00007ffc771c7000 	C:\Windows\system32\USER32.dll
0x00007ffc76cf0000 - 0x00007ffc76e84000 	C:\Windows\system32\ole32.dll
0x00007ffc77a80000 - 0x00007ffc78fa8000 	C:\Windows\system32\SHELL32.dll
0x00007ffc758c0000 - 0x00007ffc758e1000 	C:\Windows\SYSTEM32\USERENV.dll
0x00007ffc79070000 - 0x00007ffc7911a000 	C:\Windows\system32\ADVAPI32.dll
0x00007ffc68930000 - 0x00007ffc6894e000 	C:\Windows\SYSTEM32\MPR.dll
0x00007ffc772f0000 - 0x00007ffc77430000 	C:\Windows\system32\RPCRT4.dll
0x00007ffc79160000 - 0x00007ffc791b9000 	C:\Windows\SYSTEM32\sechost.dll
0x00007ffc77670000 - 0x00007ffc77881000 	C:\Windows\SYSTEM32\combase.dll
0x00007ffc768a0000 - 0x00007ffc769ef000 	C:\Windows\system32\GDI32.dll
0x00007ffc76340000 - 0x00007ffc76355000 	C:\Windows\SYSTEM32\profapi.dll
0x00007ffc74870000 - 0x00007ffc74922000 	C:\Windows\SYSTEM32\SHCORE.dll
0x00007ffc79120000 - 0x00007ffc79156000 	C:\Windows\system32\IMM32.DLL
0x00007ffc76ef0000 - 0x00007ffc77042000 	C:\Windows\system32\MSCTF.dll
0x00007ffc762f0000 - 0x00007ffc76321000 	C:\Windows\system32\nvinitx.dll
0x00007ffc762e0000 - 0x00007ffc762ea000 	C:\Windows\SYSTEM32\VERSION.dll
0x000000006bef0000 - 0x000000006bef6000 	C:\Program Files\NVIDIA Corporation\CoProcManager\_etoured.dll
0x00007ffc743b0000 - 0x00007ffc743e2000 	C:\Program Files\NVIDIA Corporation\CoProcManager\nvd3d9wrapx.dll
0x00007ffc76a10000 - 0x00007ffc76bea000 	C:\Windows\system32\SETUPAPI.dll
0x00007ffc76560000 - 0x00007ffc765af000 	C:\Windows\system32\CFGMGR32.dll
0x00007ffc74380000 - 0x00007ffc743a2000 	C:\Program Files\NVIDIA Corporation\CoProcManager\nvdxgiwrapx.dll
0x00007ffc743f0000 - 0x00007ffc7466b000 	C:\Windows\WinSxS\amd64_microsoft.windows.common-controls_6595b64144ccf1df_6.0.9600.18006_none_623f33d3ecbe86e8\COMCTL32.dll
0x00000000688f0000 - 0x00000000689c2000 	C:\Program Files\Java\jdk1.8.0_31\jre\bin\msvcr100.dll
0x0000000068090000 - 0x00000000688ea000 	C:\Program Files\Java\jdk1.8.0_31\jre\bin\server\jvm.dll
0x00007ffc6e370000 - 0x00007ffc6e379000 	C:\Windows\SYSTEM32\WSOCK32.dll
0x00007ffc71f30000 - 0x00007ffc71f52000 	C:\Windows\SYSTEM32\WINMM.dll
0x00007ffc769f0000 - 0x00007ffc769f7000 	C:\Windows\system32\PSAPI.DLL
0x00007ffc76e90000 - 0x00007ffc76eea000 	C:\Windows\system32\WS2_32.dll
0x00007ffc71a60000 - 0x00007ffc71a8a000 	C:\Windows\SYSTEM32\WINMMBASE.dll
0x00007ffc76ce0000 - 0x00007ffc76ce9000 	C:\Windows\system32\NSI.dll
0x00007ffc75140000 - 0x00007ffc75168000 	C:\Windows\SYSTEM32\DEVOBJ.dll
0x0000000068080000 - 0x000000006808f000 	C:\Program Files\Java\jdk1.8.0_31\jre\bin\verify.dll
0x0000000068050000 - 0x0000000068078000 	C:\Program Files\Java\jdk1.8.0_31\jre\bin\java.dll
0x0000000068030000 - 0x0000000068046000 	C:\Program Files\Java\jdk1.8.0_31\jre\bin\zip.dll
0x00007ffc6a490000 - 0x00007ffc6a619000 	C:\Windows\SYSTEM32\dbghelp.dll

VM Arguments:
jvm_args: -Djava.awt.headless=true -Xmx1024M -Dfile.encoding=windows-1252 -Duser.country=US -Duser.language=en -Duser.variant 
java_command: com.android.dx.command.Main --dex --num-threads=4 --output C:\tmp\T02.04-Exercise-ConnectingToTheInternet\app\intermediates\pre-dexed\debug\com.android.support-appcompat-v7-25.0.1_b04b545d56d7767339f0d0b4b68d0149b182e674.jar C:\tmp\T02.04-Exercise-ConnectingToTheInternet\app\intermediates\exploded-aar\com.android.support\appcompat-v7\25.0.1\jars\classes.jar
java_class_path (initial): D:\Android\sdk\build-tools\25.0.1\lib\dx.jar
Launcher Type: SUN_STANDARD

Environment Variables:
PATH=C:\ProgramData\Oracle\Java\javapath;C:\Windows\system32;C:\Windows;C:\Windows\System32\Wbem;C:\Windows\System32\WindowsPowerShell\v1.0\;C:\Program Files (x86)\NVIDIA Corporation\PhysX\Common;C:\Program Files\Java\jdk1.8.0_71\bin;C:\Program Files (x86)\Skype\Phone\;C:\Program Files\Microsoft SQL Server\120\Tools\Binn\;C:\Program Files\Microsoft SQL Server\130\Tools\Binn\;C:\Program Files (x86)\Windows Kits\10\Windows Performance Toolkit\;C:\Program Files (x86)\GtkSharp\2.12\bin;D:\nodejs\;C:\Users\Ngoc Nguyen\AppData\Roaming\npm
USERNAME=Ngoc Nguyen account
OS=Windows_NT
PROCESSOR_IDENTIFIER=Intel64 Family 6 Model 58 Stepping 9, GenuineIntel



---------------  S Y S T E M  ---------------

OS: Windows 8.1 , 64 bit Build 9600 

CPU:total 8 (4 cores per cpu, 2 threads per core) family 6 model 58 stepping 9, cmov, cx8, fxsr, mmx, sse, sse2, sse3, ssse3, sse4.1, sse4.2, popcnt, avx, aes, clmul, erms, ht, tsc, tscinvbit, tscinv

Memory: 4k page, physical 8271356k(794796k free), swap 11417084k(283452k free)

vm_info: Java HotSpot(TM) 64-Bit Server VM (25.31-b07) for windows-amd64 JRE (1.8.0_31-b13), built on Dec 17 2014 21:00:28 by "java_re" with MS VC++ 10.0 (VS2010)

time: Fri Dec 30 21:47:04 2016
elapsed time: 41 seconds (0d 0h 0m 41s)

