#
# There is insufficient memory for the Java Runtime Environment to continue.
# Native memory allocation (malloc) failed to allocate 2177216 bytes for Chunk::new
# Possible reasons:
#   The system is out of physical RAM or swap space
#   In 32 bit mode, the process size limit was hit
# Possible solutions:
#   Reduce memory load on the system
#   Increase physical memory or swap space
#   Check if swap backing store is full
#   Use 64 bit Java on a 64 bit OS
#   Decrease Java heap size (-Xmx/-Xms)
#   Decrease number of Java threads
#   Decrease Java thread stack sizes (-Xss)
#   Set larger code cache with -XX:ReservedCodeCacheSize=
# This output file may be truncated or incomplete.
#
#  Out of Memory Error (allocation.cpp:390), pid=2600, tid=6856
#
# JRE version: Java(TM) SE Runtime Environment (8.0_31-b13) (build 1.8.0_31-b13)
# Java VM: Java HotSpot(TM) 64-Bit Server VM (25.31-b07 mixed mode windows-amd64 compressed oops)
# Failed to write core dump. Minidumps are not enabled by default on client versions of Windows
#

---------------  T H R E A D  ---------------

Current thread (0x00000000170b7000):  JavaThread "C2 CompilerThread0" daemon [_thread_in_native, id=6856, stack(0x0000000017690000,0x0000000017790000)]

Stack: [0x0000000017690000,0x0000000017790000]
Native frames: (J=compiled Java code, j=interpreted, Vv=VM code, C=native code)
V  [jvm.dll+0x3169ba]
V  [jvm.dll+0x2674c3]
V  [jvm.dll+0x268103]
V  [jvm.dll+0x25f8f5]
V  [jvm.dll+0xbf025]
V  [jvm.dll+0xbf4cc]
V  [jvm.dll+0x45df82]
V  [jvm.dll+0x49f21f]
V  [jvm.dll+0x453401]
V  [jvm.dll+0x454124]
V  [jvm.dll+0x437c62]
V  [jvm.dll+0x988e2]
V  [jvm.dll+0x990d3]
V  [jvm.dll+0x22c194]
V  [jvm.dll+0x28576a]
C  [msvcr100.dll+0x21d9f]
C  [msvcr100.dll+0x21e3b]
C  [KERNEL32.DLL+0x13d2]
C  [ntdll.dll+0x154e4]


Current CompileTask:
C2:   4648 1711   !   4       com.android.dx.cf.code.BytecodeArray::parseInstruction (2764 bytes)


---------------  P R O C E S S  ---------------

Java Threads: ( => current thread )
  0x0000000017140800 JavaThread "Service Thread" daemon [_thread_blocked, id=9040, stack(0x0000000017a90000,0x0000000017b90000)]
  0x00000000170c3800 JavaThread "C1 CompilerThread3" daemon [_thread_blocked, id=9008, stack(0x0000000017990000,0x0000000017a90000)]
  0x00000000170bd000 JavaThread "C2 CompilerThread2" daemon [_thread_in_native, id=1548, stack(0x0000000017890000,0x0000000017990000)]
  0x00000000170ba000 JavaThread "C2 CompilerThread1" daemon [_thread_in_native, id=4404, stack(0x0000000017790000,0x0000000017890000)]
=>0x00000000170b7000 JavaThread "C2 CompilerThread0" daemon [_thread_in_native, id=6856, stack(0x0000000017690000,0x0000000017790000)]
  0x00000000170b4800 JavaThread "Attach Listener" daemon [_thread_blocked, id=3180, stack(0x0000000017590000,0x0000000017690000)]
  0x00000000170b3800 JavaThread "Signal Dispatcher" daemon [_thread_blocked, id=2584, stack(0x0000000017490000,0x0000000017590000)]
  0x0000000002581800 JavaThread "Finalizer" daemon [_thread_blocked, id=5628, stack(0x0000000016f90000,0x0000000017090000)]
  0x00000000150ac800 JavaThread "Reference Handler" daemon [_thread_blocked, id=7664, stack(0x0000000016e90000,0x0000000016f90000)]
  0x000000000237d800 JavaThread "main" [_thread_in_native, id=1216, stack(0x0000000002390000,0x0000000002490000)]

Other Threads:
  0x00000000150a8800 VMThread [stack: 0x0000000016d90000,0x0000000016e90000] [id=7700]
  0x0000000017141800 WatcherThread [stack: 0x0000000017b90000,0x0000000017c90000] [id=3624]

VM state:not at safepoint (normal execution)

VM Mutex/Monitor currently owned by a thread: None

Heap:
 PSYoungGen      total 38400K, used 23083K [0x00000000eab00000, 0x00000000ed580000, 0x0000000100000000)
  eden space 33280K, 54% used [0x00000000eab00000,0x00000000ebc8d8e0,0x00000000ecb80000)
  from space 5120K, 99% used [0x00000000ed080000,0x00000000ed57d5d8,0x00000000ed580000)
  to   space 5120K, 0% used [0x00000000ecb80000,0x00000000ecb80000,0x00000000ed080000)
 ParOldGen       total 87552K, used 25491K [0x00000000c0000000, 0x00000000c5580000, 0x00000000eab00000)
  object space 87552K, 29% used [0x00000000c0000000,0x00000000c18e4ed8,0x00000000c5580000)
 Metaspace       used 6856K, capacity 7632K, committed 7936K, reserved 1056768K
  class space    used 617K, capacity 648K, committed 768K, reserved 1048576K

Card table byte_map: [0x0000000011950000,0x0000000011b60000] byte_map_base: 0x0000000011350000

Marking Bits: (ParMarkBitMap*) 0x000000006886d4f0
 Begin Bits: [0x00000000124c0000, 0x00000000134c0000)
 End Bits:   [0x00000000134c0000, 0x00000000144c0000)

Polling page: 0x0000000000b10000

CodeCache: size=245760Kb used=9099Kb max_used=9099Kb free=236660Kb
 bounds [0x0000000002590000, 0x0000000002e80000, 0x0000000011590000]
 total_blobs=2668 nmethods=2401 adapters=180
 compilation: enabled

Compilation events (10 events):
Event: 4.118 Thread 0x00000000170c3800 2039       2       com.android.dx.dex.file.TypeListItem::compareTo0 (19 bytes)
Event: 4.118 Thread 0x00000000170c3800 nmethod 2039 0x0000000002d32010 code [0x0000000002d32180, 0x0000000002d32328]
Event: 4.120 Thread 0x00000000170c3800 2041       2       com.android.dx.dex.file.TypeListItem::addContents (47 bytes)
Event: 4.120 Thread 0x00000000170c3800 nmethod 2041 0x0000000002d32410 code [0x0000000002d325a0, 0x0000000002d327e8]
Event: 4.122 Thread 0x00000000170c3800 2042       1       com.android.dx.dex.file.IdItem::getDefiningClass (5 bytes)
Event: 4.122 Thread 0x00000000170c3800 nmethod 2042 0x0000000002d32990 code [0x0000000002d32ae0, 0x0000000002d32bf0]
Event: 4.123 Thread 0x00000000170c3800 2043       2       com.android.dx.dex.file.TypeIdItem::addContents (16 bytes)
Event: 4.123 Thread 0x00000000170c3800 nmethod 2043 0x0000000002d32c50 code [0x0000000002d32de0, 0x0000000002d33168]
Event: 4.123 Thread 0x00000000170c3800 2044       2       com.android.dx.rop.cst.CstType::getDescriptor (30 bytes)
Event: 4.124 Thread 0x00000000170c3800 nmethod 2044 0x0000000002d333d0 code [0x0000000002d33540, 0x0000000002d33748]

GC Heap History (10 events):
Event: 3.370 GC heap before
{Heap before GC invocations=2 (full 0):
 PSYoungGen      total 38400K, used 38384K [0x00000000eab00000, 0x00000000ed580000, 0x0000000100000000)
  eden space 33280K, 100% used [0x00000000eab00000,0x00000000ecb80000,0x00000000ecb80000)
  from space 5120K, 99% used [0x00000000ecb80000,0x00000000ed07c068,0x00000000ed080000)
  to   space 5120K, 0% used [0x00000000ed080000,0x00000000ed080000,0x00000000ed580000)
 ParOldGen       total 87552K, used 758K [0x00000000c0000000, 0x00000000c5580000, 0x00000000eab00000)
  object space 87552K, 0% used [0x00000000c0000000,0x00000000c00bd8f8,0x00000000c5580000)
 Metaspace       used 6172K, capacity 7088K, committed 7296K, reserved 1056768K
  class space    used 594K, capacity 616K, committed 640K, reserved 1048576K
Event: 3.399 GC heap after
Heap after GC invocations=2 (full 0):
 PSYoungGen      total 38400K, used 5095K [0x00000000eab00000, 0x00000000ed580000, 0x0000000100000000)
  eden space 33280K, 0% used [0x00000000eab00000,0x00000000eab00000,0x00000000ecb80000)
  from space 5120K, 99% used [0x00000000ed080000,0x00000000ed579c78,0x00000000ed580000)
  to   space 5120K, 0% used [0x00000000ecb80000,0x00000000ecb80000,0x00000000ed080000)
 ParOldGen       total 87552K, used 4555K [0x00000000c0000000, 0x00000000c5580000, 0x00000000eab00000)
  object space 87552K, 5% used [0x00000000c0000000,0x00000000c0472c60,0x00000000c5580000)
 Metaspace       used 6172K, capacity 7088K, committed 7296K, reserved 1056768K
  class space    used 594K, capacity 616K, committed 640K, reserved 1048576K
}
Event: 3.600 GC heap before
{Heap before GC invocations=3 (full 0):
 PSYoungGen      total 38400K, used 38375K [0x00000000eab00000, 0x00000000ed580000, 0x0000000100000000)
  eden space 33280K, 100% used [0x00000000eab00000,0x00000000ecb80000,0x00000000ecb80000)
  from space 5120K, 99% used [0x00000000ed080000,0x00000000ed579c78,0x00000000ed580000)
  to   space 5120K, 0% used [0x00000000ecb80000,0x00000000ecb80000,0x00000000ed080000)
 ParOldGen       total 87552K, used 4555K [0x00000000c0000000, 0x00000000c5580000, 0x00000000eab00000)
  object space 87552K, 5% used [0x00000000c0000000,0x00000000c0472c60,0x00000000c5580000)
 Metaspace       used 6237K, capacity 7152K, committed 7296K, reserved 1056768K
  class space    used 594K, capacity 616K, committed 640K, reserved 1048576K
Event: 3.617 GC heap after
Heap after GC invocations=3 (full 0):
 PSYoungGen      total 38400K, used 5100K [0x00000000eab00000, 0x00000000ed580000, 0x0000000100000000)
  eden space 33280K, 0% used [0x00000000eab00000,0x00000000eab00000,0x00000000ecb80000)
  from space 5120K, 99% used [0x00000000ecb80000,0x00000000ed07b1c8,0x00000000ed080000)
  to   space 5120K, 0% used [0x00000000ed080000,0x00000000ed080000,0x00000000ed580000)
 ParOldGen       total 87552K, used 10261K [0x00000000c0000000, 0x00000000c5580000, 0x00000000eab00000)
  object space 87552K, 11% used [0x00000000c0000000,0x00000000c0a05588,0x00000000c5580000)
 Metaspace       used 6237K, capacity 7152K, committed 7296K, reserved 1056768K
  class space    used 594K, capacity 616K, committed 640K, reserved 1048576K
}
Event: 3.774 GC heap before
{Heap before GC invocations=4 (full 0):
 PSYoungGen      total 38400K, used 38380K [0x00000000eab00000, 0x00000000ed580000, 0x0000000100000000)
  eden space 33280K, 100% used [0x00000000eab00000,0x00000000ecb80000,0x00000000ecb80000)
  from space 5120K, 99% used [0x00000000ecb80000,0x00000000ed07b1c8,0x00000000ed080000)
  to   space 5120K, 0% used [0x00000000ed080000,0x00000000ed080000,0x00000000ed580000)
 ParOldGen       total 87552K, used 10261K [0x00000000c0000000, 0x00000000c5580000, 0x00000000eab00000)
  object space 87552K, 11% used [0x00000000c0000000,0x00000000c0a05588,0x00000000c5580000)
 Metaspace       used 6287K, capacity 7152K, committed 7296K, reserved 1056768K
  class space    used 594K, capacity 616K, committed 640K, reserved 1048576K
Event: 3.797 GC heap after
Heap after GC invocations=4 (full 0):
 PSYoungGen      total 38400K, used 5088K [0x00000000eab00000, 0x00000000ed580000, 0x0000000100000000)
  eden space 33280K, 0% used [0x00000000eab00000,0x00000000eab00000,0x00000000ecb80000)
  from space 5120K, 99% used [0x00000000ed080000,0x00000000ed578080,0x00000000ed580000)
  to   space 5120K, 0% used [0x00000000ecb80000,0x00000000ecb80000,0x00000000ed080000)
 ParOldGen       total 87552K, used 15388K [0x00000000c0000000, 0x00000000c5580000, 0x00000000eab00000)
  object space 87552K, 17% used [0x00000000c0000000,0x00000000c0f071d8,0x00000000c5580000)
 Metaspace       used 6287K, capacity 7152K, committed 7296K, reserved 1056768K
  class space    used 594K, capacity 616K, committed 640K, reserved 1048576K
}
Event: 3.874 GC heap before
{Heap before GC invocations=5 (full 0):
 PSYoungGen      total 38400K, used 38368K [0x00000000eab00000, 0x00000000ed580000, 0x0000000100000000)
  eden space 33280K, 100% used [0x00000000eab00000,0x00000000ecb80000,0x00000000ecb80000)
  from space 5120K, 99% used [0x00000000ed080000,0x00000000ed578080,0x00000000ed580000)
  to   space 5120K, 0% used [0x00000000ecb80000,0x00000000ecb80000,0x00000000ed080000)
 ParOldGen       total 87552K, used 15388K [0x00000000c0000000, 0x00000000c5580000, 0x00000000eab00000)
  object space 87552K, 17% used [0x00000000c0000000,0x00000000c0f071d8,0x00000000c5580000)
 Metaspace       used 6310K, capacity 7152K, committed 7296K, reserved 1056768K
  class space    used 594K, capacity 616K, committed 640K, reserved 1048576K
Event: 3.892 GC heap after
Heap after GC invocations=5 (full 0):
 PSYoungGen      total 38400K, used 5113K [0x00000000eab00000, 0x00000000ed580000, 0x0000000100000000)
  eden space 33280K, 0% used [0x00000000eab00000,0x00000000eab00000,0x00000000ecb80000)
  from space 5120K, 99% used [0x00000000ecb80000,0x00000000ed07e4b0,0x00000000ed080000)
  to   space 5120K, 0% used [0x00000000ed080000,0x00000000ed080000,0x00000000ed580000)
 ParOldGen       total 87552K, used 20565K [0x00000000c0000000, 0x00000000c5580000, 0x00000000eab00000)
  object space 87552K, 23% used [0x00000000c0000000,0x00000000c1415648,0x00000000c5580000)
 Metaspace       used 6310K, capacity 7152K, committed 7296K, reserved 1056768K
  class space    used 594K, capacity 616K, committed 640K, reserved 1048576K
}
Event: 3.969 GC heap before
{Heap before GC invocations=6 (full 0):
 PSYoungGen      total 38400K, used 38393K [0x00000000eab00000, 0x00000000ed580000, 0x0000000100000000)
  eden space 33280K, 100% used [0x00000000eab00000,0x00000000ecb80000,0x00000000ecb80000)
  from space 5120K, 99% used [0x00000000ecb80000,0x00000000ed07e4b0,0x00000000ed080000)
  to   space 5120K, 0% used [0x00000000ed080000,0x00000000ed080000,0x00000000ed580000)
 ParOldGen       total 87552K, used 20565K [0x00000000c0000000, 0x00000000c5580000, 0x00000000eab00000)
  object space 87552K, 23% used [0x00000000c0000000,0x00000000c1415648,0x00000000c5580000)
 Metaspace       used 6336K, capacity 7216K, committed 7296K, reserved 1056768K
  class space    used 594K, capacity 616K, committed 640K, reserved 1048576K
Event: 3.985 GC heap after
Heap after GC invocations=6 (full 0):
 PSYoungGen      total 38400K, used 5109K [0x00000000eab00000, 0x00000000ed580000, 0x0000000100000000)
  eden space 33280K, 0% used [0x00000000eab00000,0x00000000eab00000,0x00000000ecb80000)
  from space 5120K, 99% used [0x00000000ed080000,0x00000000ed57d5d8,0x00000000ed580000)
  to   space 5120K, 0% used [0x00000000ecb80000,0x00000000ecb80000,0x00000000ed080000)
 ParOldGen       total 87552K, used 25491K [0x00000000c0000000, 0x00000000c5580000, 0x00000000eab00000)
  object space 87552K, 29% used [0x00000000c0000000,0x00000000c18e4ed8,0x00000000c5580000)
 Metaspace       used 6336K, capacity 7216K, committed 7296K, reserved 1056768K
  class space    used 594K, capacity 616K, committed 640K, reserved 1048576K
}

Deoptimization events (10 events):
Event: 3.866 Thread 0x000000000237d800 Uncommon trap: reason=unreached action=reinterpret pc=0x00000000027d01c0 method=java.util.HashMap.getNode(ILjava/lang/Object;)Ljava/util/HashMap$Node; @ 84
Event: 3.868 Thread 0x000000000237d800 Uncommon trap: reason=unreached action=reinterpret pc=0x0000000002cb5eb0 method=java.util.HashMap.putVal(ILjava/lang/Object;Ljava/lang/Object;ZZ)Ljava/lang/Object; @ 109
Event: 3.999 Thread 0x000000000237d800 Uncommon trap: reason=class_check action=maybe_recompile pc=0x00000000029d3164 method=java.util.Arrays.hashCode([Ljava/lang/Object;)I @ 43
Event: 3.999 Thread 0x000000000237d800 Uncommon trap: reason=class_check action=maybe_recompile pc=0x00000000029d3164 method=java.util.Arrays.hashCode([Ljava/lang/Object;)I @ 43
Event: 4.000 Thread 0x000000000237d800 Uncommon trap: reason=class_check action=maybe_recompile pc=0x00000000029d3164 method=java.util.Arrays.hashCode([Ljava/lang/Object;)I @ 43
Event: 4.000 Thread 0x000000000237d800 Uncommon trap: reason=class_check action=maybe_recompile pc=0x00000000029d3164 method=java.util.Arrays.hashCode([Ljava/lang/Object;)I @ 43
Event: 4.000 Thread 0x000000000237d800 Uncommon trap: reason=class_check action=maybe_recompile pc=0x00000000029d5a08 method=java.util.Arrays.hashCode([Ljava/lang/Object;)I @ 43
Event: 4.004 Thread 0x000000000237d800 Uncommon trap: reason=bimorphic action=maybe_recompile pc=0x00000000027f33f4 method=java.util.HashMap.getNode(ILjava/lang/Object;)Ljava/util/HashMap$Node; @ 126
Event: 4.005 Thread 0x000000000237d800 Uncommon trap: reason=bimorphic action=maybe_recompile pc=0x00000000027f33f4 method=java.util.HashMap.getNode(ILjava/lang/Object;)Ljava/util/HashMap$Node; @ 126
Event: 4.062 Thread 0x000000000237d800 Uncommon trap: reason=unreached action=reinterpret pc=0x0000000002c14950 method=java.util.HashMap.resize()[Ljava/util/HashMap$Node; @ 206

Internal exceptions (10 events):
Event: 1.991 Thread 0x0000000017ce6800 Exception <a 'java/security/PrivilegedActionException'> (0x00000000ebec04e8) thrown at [C:\workspace\8-2-build-windows-amd64-cygwin\jdk8u31\2394\hotspot\src\share\vm\prims\jvm.cpp, line 1312]
Event: 2.379 Thread 0x000000001748d800 Exception <a 'java/security/PrivilegedActionException'> (0x00000000ec1896b8) thrown at [C:\workspace\8-2-build-windows-amd64-cygwin\jdk8u31\2394\hotspot\src\share\vm\prims\jvm.cpp, line 1312]
Event: 2.382 Thread 0x000000000237d800 Exception <a 'java/security/PrivilegedActionException'> (0x00000000ec3da3b0) thrown at [C:\workspace\8-2-build-windows-amd64-cygwin\jdk8u31\2394\hotspot\src\share\vm\prims\jvm.cpp, line 1312]
Event: 2.386 Thread 0x0000000017d00000 Exception <a 'java/security/PrivilegedActionException'> (0x00000000ec317408) thrown at [C:\workspace\8-2-build-windows-amd64-cygwin\jdk8u31\2394\hotspot\src\share\vm\prims\jvm.cpp, line 1312]
Event: 2.420 Thread 0x0000000017ce6800 Exception <a 'java/security/PrivilegedActionException'> (0x00000000ec331378) thrown at [C:\workspace\8-2-build-windows-amd64-cygwin\jdk8u31\2394\hotspot\src\share\vm\prims\jvm.cpp, line 1312]
Event: 3.000 Thread 0x000000001748d800 Implicit null exception at 0x000000000293ebd5 to 0x00000000029410fd
Event: 3.369 Thread 0x0000000017d00000 Implicit null exception at 0x000000000293a1e2 to 0x000000000293a2d2
Event: 4.000 Thread 0x000000000237d800 Exception <a 'java/security/PrivilegedActionException'> (0x00000000eabd0228) thrown at [C:\workspace\8-2-build-windows-amd64-cygwin\jdk8u31\2394\hotspot\src\share\vm\prims\jvm.cpp, line 1312]
Event: 4.027 Thread 0x000000000237d800 Exception <a 'java/security/PrivilegedActionException'> (0x00000000eaddc020) thrown at [C:\workspace\8-2-build-windows-amd64-cygwin\jdk8u31\2394\hotspot\src\share\vm\prims\jvm.cpp, line 1312]
Event: 4.083 Thread 0x000000000237d800 Exception <a 'java/security/PrivilegedActionException'> (0x00000000eb02a9f8) thrown at [C:\workspace\8-2-build-windows-amd64-cygwin\jdk8u31\2394\hotspot\src\share\vm\prims\jvm.cpp, line 1312]

Events (10 events):
Event: 4.005 Thread 0x000000000237d800 DEOPT UNPACKING pc=0x00000000025d556a sp=0x000000000248ee38 mode 2
Event: 4.027 loading class com/android/dx/dex/file/CatchStructs
Event: 4.027 loading class com/android/dx/dex/file/CatchStructs done
Event: 4.041 Thread 0x000000000237d800 DEOPT PACKING pc=0x0000000002d0b294 sp=0x000000000248ef00
Event: 4.041 Thread 0x000000000237d800 DEOPT UNPACKING pc=0x00000000025d75bf sp=0x000000000248ec90 mode 0
Event: 4.062 Thread 0x000000000237d800 Uncommon trap: trap_request=0xffffffad fr.pc=0x0000000002c14950
Event: 4.062 Thread 0x000000000237d800 DEOPT PACKING pc=0x0000000002c14950 sp=0x000000000248ed10
Event: 4.062 Thread 0x000000000237d800 DEOPT UNPACKING pc=0x00000000025d556a sp=0x000000000248ec78 mode 2
Event: 4.083 loading class com/android/dx/dex/file/ProtoIdItem
Event: 4.083 loading class com/android/dx/dex/file/ProtoIdItem done


Dynamic libraries:
0x00007ff79e130000 - 0x00007ff79e164000 	C:\Program Files\Java\jdk1.8.0_31\bin\java.exe
0x00007ffc79220000 - 0x00007ffc793cd000 	C:\Windows\SYSTEM32\ntdll.dll
0x00007ffc77940000 - 0x00007ffc77a7e000 	C:\Windows\system32\KERNEL32.DLL
0x00007ffc76410000 - 0x00007ffc76525000 	C:\Windows\system32\KERNELBASE.dll
0x00007ffc74ec0000 - 0x00007ffc74f4e000 	C:\Windows\system32\apphelp.dll
0x00007ffc66070000 - 0x00007ffc660c3000 	C:\Windows\AppPatch\AppPatch64\AcGenral.DLL
0x00007ffc77890000 - 0x00007ffc7793a000 	C:\Windows\system32\msvcrt.dll
0x00007ffc76530000 - 0x00007ffc7655e000 	C:\Windows\system32\SspiCli.dll
0x00007ffc771d0000 - 0x00007ffc77224000 	C:\Windows\system32\SHLWAPI.dll
0x00007ffc77050000 - 0x00007ffc771c7000 	C:\Windows\system32\USER32.dll
0x00007ffc76cf0000 - 0x00007ffc76e84000 	C:\Windows\system32\ole32.dll
0x00007ffc77a80000 - 0x00007ffc78fa8000 	C:\Windows\system32\SHELL32.dll
0x00007ffc758c0000 - 0x00007ffc758e1000 	C:\Windows\SYSTEM32\USERENV.dll
0x00007ffc79070000 - 0x00007ffc7911a000 	C:\Windows\system32\ADVAPI32.dll
0x00007ffc68930000 - 0x00007ffc6894e000 	C:\Windows\SYSTEM32\MPR.dll
0x00007ffc772f0000 - 0x00007ffc77430000 	C:\Windows\system32\RPCRT4.dll
0x00007ffc79160000 - 0x00007ffc791b9000 	C:\Windows\SYSTEM32\sechost.dll
0x00007ffc77670000 - 0x00007ffc77881000 	C:\Windows\SYSTEM32\combase.dll
0x00007ffc768a0000 - 0x00007ffc769ef000 	C:\Windows\system32\GDI32.dll
0x00007ffc76340000 - 0x00007ffc76355000 	C:\Windows\SYSTEM32\profapi.dll
0x00007ffc74870000 - 0x00007ffc74922000 	C:\Windows\SYSTEM32\SHCORE.dll
0x00007ffc79120000 - 0x00007ffc79156000 	C:\Windows\system32\IMM32.DLL
0x00007ffc76ef0000 - 0x00007ffc77042000 	C:\Windows\system32\MSCTF.dll
0x00007ffc762f0000 - 0x00007ffc76321000 	C:\Windows\system32\nvinitx.dll
0x00007ffc762e0000 - 0x00007ffc762ea000 	C:\Windows\SYSTEM32\VERSION.dll
0x000000006bef0000 - 0x000000006bef6000 	C:\Program Files\NVIDIA Corporation\CoProcManager\_etoured.dll
0x00007ffc743b0000 - 0x00007ffc743e2000 	C:\Program Files\NVIDIA Corporation\CoProcManager\nvd3d9wrapx.dll
0x00007ffc76a10000 - 0x00007ffc76bea000 	C:\Windows\system32\SETUPAPI.dll
0x00007ffc76560000 - 0x00007ffc765af000 	C:\Windows\system32\CFGMGR32.dll
0x00007ffc74380000 - 0x00007ffc743a2000 	C:\Program Files\NVIDIA Corporation\CoProcManager\nvdxgiwrapx.dll
0x00007ffc743f0000 - 0x00007ffc7466b000 	C:\Windows\WinSxS\amd64_microsoft.windows.common-controls_6595b64144ccf1df_6.0.9600.18006_none_623f33d3ecbe86e8\COMCTL32.dll
0x00000000688f0000 - 0x00000000689c2000 	C:\Program Files\Java\jdk1.8.0_31\jre\bin\msvcr100.dll
0x0000000068090000 - 0x00000000688ea000 	C:\Program Files\Java\jdk1.8.0_31\jre\bin\server\jvm.dll
0x00007ffc6e370000 - 0x00007ffc6e379000 	C:\Windows\SYSTEM32\WSOCK32.dll
0x00007ffc71f30000 - 0x00007ffc71f52000 	C:\Windows\SYSTEM32\WINMM.dll
0x00007ffc769f0000 - 0x00007ffc769f7000 	C:\Windows\system32\PSAPI.DLL
0x00007ffc76e90000 - 0x00007ffc76eea000 	C:\Windows\system32\WS2_32.dll
0x00007ffc71a60000 - 0x00007ffc71a8a000 	C:\Windows\SYSTEM32\WINMMBASE.dll
0x00007ffc76ce0000 - 0x00007ffc76ce9000 	C:\Windows\system32\NSI.dll
0x00007ffc75140000 - 0x00007ffc75168000 	C:\Windows\SYSTEM32\DEVOBJ.dll
0x0000000068080000 - 0x000000006808f000 	C:\Program Files\Java\jdk1.8.0_31\jre\bin\verify.dll
0x0000000068050000 - 0x0000000068078000 	C:\Program Files\Java\jdk1.8.0_31\jre\bin\java.dll
0x0000000068030000 - 0x0000000068046000 	C:\Program Files\Java\jdk1.8.0_31\jre\bin\zip.dll
0x00007ffc6a490000 - 0x00007ffc6a619000 	C:\Windows\SYSTEM32\dbghelp.dll

VM Arguments:
jvm_args: -Djava.awt.headless=true -Xmx1024M -Dfile.encoding=windows-1252 -Duser.country=US -Duser.language=en -Duser.variant 
java_command: com.android.dx.command.Main --dex --num-threads=4 --output C:\tmp\T02.04-Exercise-ConnectingToTheInternet\app\intermediates\pre-dexed\debug\com.android.support-support-compat-25.0.1_c63b4083dd6b25b7aef6106092c180ca294091e3.jar C:\tmp\T02.04-Exercise-ConnectingToTheInternet\app\intermediates\exploded-aar\com.android.support\support-compat\25.0.1\jars\classes.jar
java_class_path (initial): D:\Android\sdk\build-tools\25.0.1\lib\dx.jar
Launcher Type: SUN_STANDARD

Environment Variables:
PATH=C:\ProgramData\Oracle\Java\javapath;C:\Windows\system32;C:\Windows;C:\Windows\System32\Wbem;C:\Windows\System32\WindowsPowerShell\v1.0\;C:\Program Files (x86)\NVIDIA Corporation\PhysX\Common;C:\Program Files\Java\jdk1.8.0_71\bin;C:\Program Files (x86)\Skype\Phone\;C:\Program Files\Microsoft SQL Server\120\Tools\Binn\;C:\Program Files\Microsoft SQL Server\130\Tools\Binn\;C:\Program Files (x86)\Windows Kits\10\Windows Performance Toolkit\;C:\Program Files (x86)\GtkSharp\2.12\bin;D:\nodejs\;C:\Users\Ngoc Nguyen\AppData\Roaming\npm
USERNAME=Ngoc Nguyen account
OS=Windows_NT
PROCESSOR_IDENTIFIER=Intel64 Family 6 Model 58 Stepping 9, GenuineIntel



---------------  S Y S T E M  ---------------

OS: Windows 8.1 , 64 bit Build 9600 

CPU:total 8 (4 cores per cpu, 2 threads per core) family 6 model 58 stepping 9, cmov, cx8, fxsr, mmx, sse, sse2, sse3, ssse3, sse4.1, sse4.2, popcnt, avx, aes, clmul, erms, ht, tsc, tscinvbit, tscinv

Memory: 4k page, physical 8271356k(930044k free), swap 11417084k(5068k free)

vm_info: Java HotSpot(TM) 64-Bit Server VM (25.31-b07) for windows-amd64 JRE (1.8.0_31-b13), built on Dec 17 2014 21:00:28 by "java_re" with MS VC++ 10.0 (VS2010)

time: Fri Dec 30 21:53:50 2016
elapsed time: 4 seconds (0d 0h 0m 4s)

