#
# There is insufficient memory for the Java Runtime Environment to continue.
# Native memory allocation (malloc) failed to allocate 559696 bytes for Chunk::new
# Possible reasons:
#   The system is out of physical RAM or swap space
#   In 32 bit mode, the process size limit was hit
# Possible solutions:
#   Reduce memory load on the system
#   Increase physical memory or swap space
#   Check if swap backing store is full
#   Use 64 bit Java on a 64 bit OS
#   Decrease Java heap size (-Xmx/-Xms)
#   Decrease number of Java threads
#   Decrease Java thread stack sizes (-Xss)
#   Set larger code cache with -XX:ReservedCodeCacheSize=
# This output file may be truncated or incomplete.
#
#  Out of Memory Error (allocation.cpp:390), pid=6120, tid=308
#
# JRE version: Java(TM) SE Runtime Environment (8.0_31-b13) (build 1.8.0_31-b13)
# Java VM: Java HotSpot(TM) 64-Bit Server VM (25.31-b07 mixed mode windows-amd64 compressed oops)
# Failed to write core dump. Minidumps are not enabled by default on client versions of Windows
#

---------------  T H R E A D  ---------------

Current thread (0x0000000016c4b000):  JavaThread "C2 CompilerThread2" daemon [_thread_in_native, id=308, stack(0x0000000017420000,0x0000000017520000)]

Stack: [0x0000000017420000,0x0000000017520000]
Native frames: (J=compiled Java code, j=interpreted, Vv=VM code, C=native code)
V  [jvm.dll+0x3169ba]


Current CompileTask:
C2:   3892 1144       4       com.android.dx.ssa.SCCP::simulateBranch (666 bytes)


---------------  P R O C E S S  ---------------

Java Threads: ( => current thread )
  0x0000000016cce800 JavaThread "Service Thread" daemon [_thread_blocked, id=532, stack(0x0000000017620000,0x0000000017720000)]
  0x0000000016c54000 JavaThread "C1 CompilerThread3" daemon [_thread_blocked, id=5644, stack(0x0000000017520000,0x0000000017620000)]
=>0x0000000016c4b000 JavaThread "C2 CompilerThread2" daemon [_thread_in_native, id=308, stack(0x0000000017420000,0x0000000017520000)]
  0x0000000016c4a800 JavaThread "C2 CompilerThread1" daemon [_thread_blocked, id=5696, stack(0x0000000017320000,0x0000000017420000)]
  0x0000000016c47800 JavaThread "C2 CompilerThread0" daemon [_thread_in_native, id=5512, stack(0x0000000017220000,0x0000000017320000)]
  0x0000000016c45800 JavaThread "Attach Listener" daemon [_thread_blocked, id=9460, stack(0x0000000017120000,0x0000000017220000)]
  0x0000000016c45000 JavaThread "Signal Dispatcher" daemon [_thread_blocked, id=7536, stack(0x0000000017020000,0x0000000017120000)]
  0x0000000002129000 JavaThread "Finalizer" daemon [_thread_blocked, id=996, stack(0x0000000016b20000,0x0000000016c20000)]
  0x0000000002122000 JavaThread "Reference Handler" daemon [_thread_blocked, id=8612, stack(0x0000000016a20000,0x0000000016b20000)]
  0x0000000001f2d800 JavaThread "main" [_thread_blocked, id=7492, stack(0x0000000001f30000,0x0000000002030000)]

Other Threads:
  0x0000000014c49000 VMThread [stack: 0x0000000016920000,0x0000000016a20000] [id=3816]
  0x0000000016ceb800 WatcherThread [stack: 0x0000000017720000,0x0000000017820000] [id=8392]

VM state:at safepoint (normal execution)

VM Mutex/Monitor currently owned by a thread:  ([mutex/lock_event])
[0x0000000001f2c980] Threads_lock - owner thread: 0x0000000014c49000
[0x0000000001f2c700] Heap_lock - owner thread: 0x0000000001f2d800

Heap:
 PSYoungGen      total 38400K, used 12084K [0x00000000eab00000, 0x00000000ed580000, 0x0000000100000000)
  eden space 33280K, 20% used [0x00000000eab00000,0x00000000eb1d1220,0x00000000ecb80000)
  from space 5120K, 99% used [0x00000000ecb80000,0x00000000ed07c038,0x00000000ed080000)
  to   space 5120K, 96% used [0x00000000ed080000,0x00000000ed556c48,0x00000000ed580000)
 ParOldGen       total 87552K, used 1630K [0x00000000c0000000, 0x00000000c5580000, 0x00000000eab00000)
  object space 87552K, 1% used [0x00000000c0000000,0x00000000c01978f0,0x00000000c5580000)
 Metaspace       used 6007K, capacity 6960K, committed 7040K, reserved 1060864K
  class space    used 603K, capacity 616K, committed 640K, reserved 1048576K

Card table byte_map: [0x00000000114f0000,0x0000000011700000] byte_map_base: 0x0000000010ef0000

Marking Bits: (ParMarkBitMap*) 0x000000006886d4f0
 Begin Bits: [0x0000000012060000, 0x0000000013060000)
 End Bits:   [0x0000000013060000, 0x0000000014060000)

Polling page: 0x0000000000540000

CodeCache: size=245760Kb used=4831Kb max_used=4844Kb free=240928Kb
 bounds [0x0000000002130000, 0x00000000025f0000, 0x0000000011130000]
 total_blobs=1450 nmethods=1184 adapters=179
 compilation: disabled (not enough contiguous free space left)

Compilation events (10 events):
Event: 3.694 Thread 0x0000000016c54000 nmethod 1204 0x00000000025ea390 code [0x00000000025ea520, 0x00000000025ea948]
Event: 3.694 Thread 0x0000000016c54000 1203       3       com.android.dx.rop.code.ThrowingInsn::withNewRegisters (21 bytes)
Event: 3.695 Thread 0x0000000016c54000 nmethod 1203 0x00000000025eaad0 code [0x00000000025eac40, 0x00000000025eaf68]
Event: 3.695 Thread 0x0000000016c54000 1206       3       com.android.dx.dex.code.RopTranslator::getRegs (9 bytes)
Event: 3.695 Thread 0x0000000016c54000 nmethod 1206 0x00000000025eb050 code [0x00000000025eb1c0, 0x00000000025eb3c8]
Event: 3.695 Thread 0x0000000016c54000 1197       3       com.android.dx.ssa.BasicRegisterMapper::oldToNew (22 bytes)
Event: 3.695 Thread 0x0000000016c54000 nmethod 1197 0x00000000025eb490 code [0x00000000025eb600, 0x00000000025eb8e8]
Event: 3.695 Thread 0x0000000016c54000 1201       3       java.lang.ref.ReferenceQueue::reallyPoll (66 bytes)
Event: 3.696 Thread 0x0000000016c54000 nmethod 1201 0x00000000025eb9d0 code [0x00000000025ebb40, 0x00000000025ebfb0]
Event: 3.696 Thread 0x0000000016c54000 1186       3       com.android.dx.dex.code.RopTranslator$TranslationVisitor::visitPlainCstInsn (161 bytes)

GC Heap History (2 events):
Event: 3.043 GC heap before
{Heap before GC invocations=1 (full 0):
 PSYoungGen      total 38400K, used 33280K [0x00000000eab00000, 0x00000000ed580000, 0x0000000100000000)
  eden space 33280K, 100% used [0x00000000eab00000,0x00000000ecb80000,0x00000000ecb80000)
  from space 5120K, 0% used [0x00000000ed080000,0x00000000ed080000,0x00000000ed580000)
  to   space 5120K, 0% used [0x00000000ecb80000,0x00000000ecb80000,0x00000000ed080000)
 ParOldGen       total 87552K, used 0K [0x00000000c0000000, 0x00000000c5580000, 0x00000000eab00000)
  object space 87552K, 0% used [0x00000000c0000000,0x00000000c0000000,0x00000000c5580000)
 Metaspace       used 5891K, capacity 6896K, committed 7040K, reserved 1056768K
  class space    used 594K, capacity 616K, committed 640K, reserved 1048576K
Event: 3.495 GC heap after
Heap after GC invocations=1 (full 0):
 PSYoungGen      total 38400K, used 5104K [0x00000000eab00000, 0x00000000ed580000, 0x0000000100000000)
  eden space 33280K, 0% used [0x00000000eab00000,0x00000000eab00000,0x00000000ecb80000)
  from space 5120K, 99% used [0x00000000ecb80000,0x00000000ed07c038,0x00000000ed080000)
  to   space 5120K, 0% used [0x00000000ed080000,0x00000000ed080000,0x00000000ed580000)
 ParOldGen       total 87552K, used 1622K [0x00000000c0000000, 0x00000000c5580000, 0x00000000eab00000)
  object space 87552K, 1% used [0x00000000c0000000,0x00000000c01958f0,0x00000000c5580000)
 Metaspace       used 5891K, capacity 6896K, committed 7040K, reserved 1056768K
  class space    used 594K, capacity 616K, committed 640K, reserved 1048576K
}

Deoptimization events (6 events):
Event: 1.778 Thread 0x0000000001f2d800 Uncommon trap: reason=unreached action=reinterpret pc=0x000000000239381c method=com.android.dx.rop.cst.Constant.compareTo(Lcom/android/dx/rop/cst/Constant;)I @ 12
Event: 2.836 Thread 0x0000000016e0d000 Uncommon trap: reason=unreached action=reinterpret pc=0x00000000025596b8 method=com.android.dx.cf.code.BytecodeArray.parseInstruction(ILcom/android/dx/cf/code/BytecodeArray$Visitor;)I @ 1198
Event: 2.956 Thread 0x0000000016e0d000 Uncommon trap: reason=bimorphic action=maybe_recompile pc=0x000000000231c2a4 method=java.util.HashMap.getNode(ILjava/lang/Object;)Ljava/util/HashMap$Node; @ 126
Event: 2.956 Thread 0x0000000016e0d000 Uncommon trap: reason=class_check action=maybe_recompile pc=0x00000000024a4174 method=java.util.HashMap.putVal(ILjava/lang/Object;Ljava/lang/Object;ZZ)Ljava/lang/Object; @ 203
Event: 3.602 Thread 0x0000000016f17000 Uncommon trap: reason=bimorphic action=maybe_recompile pc=0x000000000231c2a4 method=java.util.HashMap.getNode(ILjava/lang/Object;)Ljava/util/HashMap$Node; @ 126
Event: 3.602 Thread 0x0000000016f17000 Uncommon trap: reason=class_check action=maybe_recompile pc=0x00000000024a4174 method=java.util.HashMap.putVal(ILjava/lang/Object;Ljava/lang/Object;ZZ)Ljava/lang/Object; @ 203

Internal exceptions (10 events):
Event: 1.179 Thread 0x0000000016e07000 Exception <a 'java/security/PrivilegedActionException'> (0x00000000eb1650e0) thrown at [C:\workspace\8-2-build-windows-amd64-cygwin\jdk8u31\2394\hotspot\src\share\vm\prims\jvm.cpp, line 1312]
Event: 1.180 Thread 0x0000000016e07000 Exception <a 'java/security/PrivilegedActionException'> (0x00000000eb1687a0) thrown at [C:\workspace\8-2-build-windows-amd64-cygwin\jdk8u31\2394\hotspot\src\share\vm\prims\jvm.cpp, line 1312]
Event: 1.190 Thread 0x0000000016e0d000 Exception <a 'java/security/PrivilegedActionException'> (0x00000000eb2b30e8) thrown at [C:\workspace\8-2-build-windows-amd64-cygwin\jdk8u31\2394\hotspot\src\share\vm\prims\jvm.cpp, line 1312]
Event: 1.194 Thread 0x0000000016e0d000 Exception <a 'java/security/PrivilegedActionException'> (0x00000000eb2b90a0) thrown at [C:\workspace\8-2-build-windows-amd64-cygwin\jdk8u31\2394\hotspot\src\share\vm\prims\jvm.cpp, line 1312]
Event: 1.214 Thread 0x0000000016efe800 Exception <a 'java/security/PrivilegedActionException'> (0x00000000eb628c20) thrown at [C:\workspace\8-2-build-windows-amd64-cygwin\jdk8u31\2394\hotspot\src\share\vm\prims\jvm.cpp, line 1312]
Event: 1.340 Thread 0x0000000016f17000 Exception <a 'java/security/PrivilegedActionException'> (0x00000000eb8b8238) thrown at [C:\workspace\8-2-build-windows-amd64-cygwin\jdk8u31\2394\hotspot\src\share\vm\prims\jvm.cpp, line 1312]
Event: 1.406 Thread 0x0000000016e0d000 Exception <a 'java/security/PrivilegedActionException'> (0x00000000eb8678c8) thrown at [C:\workspace\8-2-build-windows-amd64-cygwin\jdk8u31\2394\hotspot\src\share\vm\prims\jvm.cpp, line 1312]
Event: 1.408 Thread 0x0000000016e0d000 Exception <a 'java/security/PrivilegedActionException'> (0x00000000eb86d078) thrown at [C:\workspace\8-2-build-windows-amd64-cygwin\jdk8u31\2394\hotspot\src\share\vm\prims\jvm.cpp, line 1312]
Event: 1.410 Thread 0x0000000016e0d000 Exception <a 'java/security/PrivilegedActionException'> (0x00000000eb8725b0) thrown at [C:\workspace\8-2-build-windows-amd64-cygwin\jdk8u31\2394\hotspot\src\share\vm\prims\jvm.cpp, line 1312]
Event: 1.766 Thread 0x0000000016efe800 Exception <a 'java/security/PrivilegedActionException'> (0x00000000eb9be8d0) thrown at [C:\workspace\8-2-build-windows-amd64-cygwin\jdk8u31\2394\hotspot\src\share\vm\prims\jvm.cpp, line 1312]

Events (10 events):
Event: 3.524 Thread 0x0000000016e0d000 DEOPT PACKING pc=0x000000000247152c sp=0x0000000017b1e990
Event: 3.524 Thread 0x0000000016e0d000 DEOPT UNPACKING pc=0x00000000021775bf sp=0x0000000017b1e758 mode 0
Event: 3.526 Thread 0x0000000016e0d000 Thread exited: 0x0000000016e0d000
Event: 3.602 Thread 0x0000000016f17000 Uncommon trap: trap_request=0xffffffc6 fr.pc=0x000000000231c2a4
Event: 3.602 Thread 0x0000000016f17000 DEOPT PACKING pc=0x000000000231c2a4 sp=0x0000000017d1e730
Event: 3.602 Thread 0x0000000016f17000 DEOPT UNPACKING pc=0x000000000217556a sp=0x0000000017d1e648 mode 2
Event: 3.602 Thread 0x0000000016f17000 Uncommon trap: trap_request=0xffffffde fr.pc=0x00000000024a4174
Event: 3.602 Thread 0x0000000016f17000 DEOPT PACKING pc=0x00000000024a4174 sp=0x0000000017d1e6f0
Event: 3.602 Thread 0x0000000016f17000 DEOPT UNPACKING pc=0x000000000217556a sp=0x0000000017d1e628 mode 2
Event: 3.698 Thread 0x0000000016f17000 Thread exited: 0x0000000016f17000


Dynamic libraries:
0x00007ff79e130000 - 0x00007ff79e164000 	C:\Program Files\Java\jdk1.8.0_31\bin\java.exe
0x00007ffc79220000 - 0x00007ffc793cd000 	C:\Windows\SYSTEM32\ntdll.dll
0x00007ffc77940000 - 0x00007ffc77a7e000 	C:\Windows\system32\KERNEL32.DLL
0x00007ffc76410000 - 0x00007ffc76525000 	C:\Windows\system32\KERNELBASE.dll
0x00007ffc74ec0000 - 0x00007ffc74f4e000 	C:\Windows\system32\apphelp.dll
0x00007ffc66070000 - 0x00007ffc660c3000 	C:\Windows\AppPatch\AppPatch64\AcGenral.DLL
0x00007ffc77890000 - 0x00007ffc7793a000 	C:\Windows\system32\msvcrt.dll
0x00007ffc76530000 - 0x00007ffc7655e000 	C:\Windows\system32\SspiCli.dll
0x00007ffc771d0000 - 0x00007ffc77224000 	C:\Windows\system32\SHLWAPI.dll
0x00007ffc77050000 - 0x00007ffc771c7000 	C:\Windows\system32\USER32.dll
0x00007ffc76cf0000 - 0x00007ffc76e84000 	C:\Windows\system32\ole32.dll
0x00007ffc77a80000 - 0x00007ffc78fa8000 	C:\Windows\system32\SHELL32.dll
0x00007ffc758c0000 - 0x00007ffc758e1000 	C:\Windows\SYSTEM32\USERENV.dll
0x00007ffc79070000 - 0x00007ffc7911a000 	C:\Windows\system32\ADVAPI32.dll
0x00007ffc68930000 - 0x00007ffc6894e000 	C:\Windows\SYSTEM32\MPR.dll
0x00007ffc772f0000 - 0x00007ffc77430000 	C:\Windows\system32\RPCRT4.dll
0x00007ffc79160000 - 0x00007ffc791b9000 	C:\Windows\SYSTEM32\sechost.dll
0x00007ffc77670000 - 0x00007ffc77881000 	C:\Windows\SYSTEM32\combase.dll
0x00007ffc768a0000 - 0x00007ffc769ef000 	C:\Windows\system32\GDI32.dll
0x00007ffc76340000 - 0x00007ffc76355000 	C:\Windows\SYSTEM32\profapi.dll
0x00007ffc74870000 - 0x00007ffc74922000 	C:\Windows\SYSTEM32\SHCORE.dll
0x00007ffc79120000 - 0x00007ffc79156000 	C:\Windows\system32\IMM32.DLL
0x00007ffc76ef0000 - 0x00007ffc77042000 	C:\Windows\system32\MSCTF.dll
0x00007ffc762f0000 - 0x00007ffc76321000 	C:\Windows\system32\nvinitx.dll
0x00007ffc762e0000 - 0x00007ffc762ea000 	C:\Windows\SYSTEM32\VERSION.dll
0x000000006bef0000 - 0x000000006bef6000 	C:\Program Files\NVIDIA Corporation\CoProcManager\_etoured.dll
0x00007ffc743b0000 - 0x00007ffc743e2000 	C:\Program Files\NVIDIA Corporation\CoProcManager\nvd3d9wrapx.dll
0x00007ffc76a10000 - 0x00007ffc76bea000 	C:\Windows\system32\SETUPAPI.dll
0x00007ffc76560000 - 0x00007ffc765af000 	C:\Windows\system32\CFGMGR32.dll
0x00007ffc74380000 - 0x00007ffc743a2000 	C:\Program Files\NVIDIA Corporation\CoProcManager\nvdxgiwrapx.dll
0x00007ffc743f0000 - 0x00007ffc7466b000 	C:\Windows\WinSxS\amd64_microsoft.windows.common-controls_6595b64144ccf1df_6.0.9600.18006_none_623f33d3ecbe86e8\COMCTL32.dll
0x00000000688f0000 - 0x00000000689c2000 	C:\Program Files\Java\jdk1.8.0_31\jre\bin\msvcr100.dll
0x0000000068090000 - 0x00000000688ea000 	C:\Program Files\Java\jdk1.8.0_31\jre\bin\server\jvm.dll
0x00007ffc6e370000 - 0x00007ffc6e379000 	C:\Windows\SYSTEM32\WSOCK32.dll
0x00007ffc71f30000 - 0x00007ffc71f52000 	C:\Windows\SYSTEM32\WINMM.dll
0x00007ffc769f0000 - 0x00007ffc769f7000 	C:\Windows\system32\PSAPI.DLL
0x00007ffc76e90000 - 0x00007ffc76eea000 	C:\Windows\system32\WS2_32.dll
0x00007ffc71a60000 - 0x00007ffc71a8a000 	C:\Windows\SYSTEM32\WINMMBASE.dll
0x00007ffc76ce0000 - 0x00007ffc76ce9000 	C:\Windows\system32\NSI.dll
0x00007ffc75140000 - 0x00007ffc75168000 	C:\Windows\SYSTEM32\DEVOBJ.dll
0x0000000068080000 - 0x000000006808f000 	C:\Program Files\Java\jdk1.8.0_31\jre\bin\verify.dll
0x0000000068050000 - 0x0000000068078000 	C:\Program Files\Java\jdk1.8.0_31\jre\bin\java.dll
0x0000000068030000 - 0x0000000068046000 	C:\Program Files\Java\jdk1.8.0_31\jre\bin\zip.dll

VM Arguments:
jvm_args: -Djava.awt.headless=true -Xmx1024M -Dfile.encoding=windows-1252 -Duser.country=US -Duser.language=en -Duser.variant 
java_command: com.android.dx.command.Main --dex --num-threads=4 --output C:\tmp\T02.04-Exercise-ConnectingToTheInternet\app\intermediates\pre-dexed\debug\com.android.support-support-vector-drawable-25.0.1_432b5f929432f854e973c79083122f529daec495.jar C:\tmp\T02.04-Exercise-ConnectingToTheInternet\app\intermediates\exploded-aar\com.android.support\support-vector-drawable\25.0.1\jars\classes.jar
java_class_path (initial): D:\Android\sdk\build-tools\25.0.1\lib\dx.jar
Launcher Type: SUN_STANDARD

Environment Variables:
PATH=C:\ProgramData\Oracle\Java\javapath;C:\Windows\system32;C:\Windows;C:\Windows\System32\Wbem;C:\Windows\System32\WindowsPowerShell\v1.0\;C:\Program Files (x86)\NVIDIA Corporation\PhysX\Common;C:\Program Files\Java\jdk1.8.0_71\bin;C:\Program Files (x86)\Skype\Phone\;C:\Program Files\Microsoft SQL Server\120\Tools\Binn\;C:\Program Files\Microsoft SQL Server\130\Tools\Binn\;C:\Program Files (x86)\Windows Kits\10\Windows Performance Toolkit\;C:\Program Files (x86)\GtkSharp\2.12\bin;D:\nodejs\;C:\Users\Ngoc Nguyen\AppData\Roaming\npm
USERNAME=Ngoc Nguyen account
OS=Windows_NT
PROCESSOR_IDENTIFIER=Intel64 Family 6 Model 58 Stepping 9, GenuineIntel



---------------  S Y S T E M  ---------------

OS: Windows 8.1 , 64 bit Build 9600 

CPU:total 8 (4 cores per cpu, 2 threads per core) family 6 model 58 stepping 9, cmov, cx8, fxsr, mmx, sse, sse2, sse3, ssse3, sse4.1, sse4.2, popcnt, avx, aes, clmul, erms, ht, tsc, tscinvbit, tscinv

Memory: 4k page, physical 8271356k(939964k free), swap 11417084k(4860k free)

vm_info: Java HotSpot(TM) 64-Bit Server VM (25.31-b07) for windows-amd64 JRE (1.8.0_31-b13), built on Dec 17 2014 21:00:28 by "java_re" with MS VC++ 10.0 (VS2010)

time: Fri Dec 30 21:53:57 2016
elapsed time: 3 seconds (0d 0h 0m 3s)

