#
# There is insufficient memory for the Java Runtime Environment to continue.
# Native memory allocation (malloc) failed to allocate 32784 bytes for Chunk::new
# Possible reasons:
#   The system is out of physical RAM or swap space
#   In 32 bit mode, the process size limit was hit
# Possible solutions:
#   Reduce memory load on the system
#   Increase physical memory or swap space
#   Check if swap backing store is full
#   Use 64 bit Java on a 64 bit OS
#   Decrease Java heap size (-Xmx/-Xms)
#   Decrease number of Java threads
#   Decrease Java thread stack sizes (-Xss)
#   Set larger code cache with -XX:ReservedCodeCacheSize=
# This output file may be truncated or incomplete.
#
#  Out of Memory Error (allocation.cpp:390), pid=7936, tid=4684
#
# JRE version: Java(TM) SE Runtime Environment (8.0_31-b13) (build 1.8.0_31-b13)
# Java VM: Java HotSpot(TM) 64-Bit Server VM (25.31-b07 mixed mode windows-amd64 compressed oops)
# Failed to write core dump. Minidumps are not enabled by default on client versions of Windows
#

---------------  T H R E A D  ---------------

Current thread (0x0000000016c97000):  JavaThread "C2 CompilerThread0" daemon [_thread_in_native, id=4684, stack(0x0000000017270000,0x0000000017370000)]

Stack: [0x0000000017270000,0x0000000017370000]
Native frames: (J=compiled Java code, j=interpreted, Vv=VM code, C=native code)
V  [jvm.dll+0x3169ba]


Current CompileTask:
C2:   3699 1162       4       com.android.dx.ssa.SCCP::simulateStmt (481 bytes)


---------------  P R O C E S S  ---------------

Java Threads: ( => current thread )
  0x0000000016f78800 JavaThread "pool-1-thread-4" [_thread_in_Java, id=9004, stack(0x0000000017c70000,0x0000000017d70000)]
  0x0000000016f73800 JavaThread "pool-1-thread-3" [_thread_blocked, id=6428, stack(0x0000000017b70000,0x0000000017c70000)]
  0x0000000016f45000 JavaThread "pool-1-thread-2" [_thread_in_Java, id=7140, stack(0x0000000017a70000,0x0000000017b70000)]
  0x0000000016e7a000 JavaThread "pool-2-thread-1" [_thread_blocked, id=9580, stack(0x0000000017970000,0x0000000017a70000)]
  0x0000000016e79800 JavaThread "pool-1-thread-1" [_thread_in_Java, id=6916, stack(0x0000000017870000,0x0000000017970000)]
  0x0000000016d26000 JavaThread "Service Thread" daemon [_thread_blocked, id=6708, stack(0x0000000017670000,0x0000000017770000)]
  0x0000000016ca0800 JavaThread "C1 CompilerThread3" daemon [_thread_blocked, id=8156, stack(0x0000000017570000,0x0000000017670000)]
  0x0000000016c9b000 JavaThread "C2 CompilerThread2" daemon [_thread_in_native, id=7696, stack(0x0000000017470000,0x0000000017570000)]
  0x0000000016c9a000 JavaThread "C2 CompilerThread1" daemon [_thread_blocked, id=6300, stack(0x0000000017370000,0x0000000017470000)]
=>0x0000000016c97000 JavaThread "C2 CompilerThread0" daemon [_thread_in_native, id=4684, stack(0x0000000017270000,0x0000000017370000)]
  0x0000000016c94800 JavaThread "Attach Listener" daemon [_thread_blocked, id=8088, stack(0x0000000017170000,0x0000000017270000)]
  0x0000000016c94000 JavaThread "Signal Dispatcher" daemon [_thread_blocked, id=9120, stack(0x0000000017070000,0x0000000017170000)]
  0x0000000002177800 JavaThread "Finalizer" daemon [_thread_blocked, id=9000, stack(0x0000000016b70000,0x0000000016c70000)]
  0x0000000014c9c800 JavaThread "Reference Handler" daemon [_thread_blocked, id=9368, stack(0x0000000016a70000,0x0000000016b70000)]
  0x0000000001f7d800 JavaThread "main" [_thread_in_Java, id=8168, stack(0x0000000001f80000,0x0000000002080000)]

Other Threads:
  0x0000000014c98800 VMThread [stack: 0x0000000016970000,0x0000000016a70000] [id=5596]
  0x0000000016d31000 WatcherThread [stack: 0x0000000017770000,0x0000000017870000] [id=8132]

VM state:not at safepoint (normal execution)

VM Mutex/Monitor currently owned by a thread: None

Heap:
 PSYoungGen      total 38400K, used 13048K [0x00000000eab00000, 0x00000000ef600000, 0x0000000100000000)
  eden space 33280K, 23% used [0x00000000eab00000,0x00000000eb2c0af8,0x00000000ecb80000)
  from space 5120K, 99% used [0x00000000ecb80000,0x00000000ed07d900,0x00000000ed080000)
  to   space 5120K, 0% used [0x00000000ef100000,0x00000000ef100000,0x00000000ef600000)
 ParOldGen       total 87552K, used 1971K [0x00000000c0000000, 0x00000000c5580000, 0x00000000eab00000)
  object space 87552K, 2% used [0x00000000c0000000,0x00000000c01ecea8,0x00000000c5580000)
 Metaspace       used 5983K, capacity 6960K, committed 7040K, reserved 1056768K
  class space    used 593K, capacity 616K, committed 640K, reserved 1048576K

Card table byte_map: [0x0000000011540000,0x0000000011750000] byte_map_base: 0x0000000010f40000

Marking Bits: (ParMarkBitMap*) 0x000000006886d4f0
 Begin Bits: [0x00000000120b0000, 0x00000000130b0000)
 End Bits:   [0x00000000130b0000, 0x00000000140b0000)

Polling page: 0x0000000000700000

CodeCache: size=245760Kb used=5014Kb max_used=5029Kb free=240745Kb
 bounds [0x0000000002180000, 0x0000000002670000, 0x0000000011180000]
 total_blobs=1558 nmethods=1292 adapters=179
 compilation: disabled (not enough contiguous free space left)

Compilation events (10 events):
Event: 3.643 Thread 0x0000000016ca0800 1295       3       java.lang.ref.Reference::clear (6 bytes)
Event: 3.643 Thread 0x0000000016ca0800 nmethod 1295 0x0000000002666dd0 code [0x0000000002666f20, 0x0000000002667090]
Event: 3.643 Thread 0x0000000016ca0800 1284   !   3       java.util.zip.ZipFile$ZipFileInflaterInputStream::close (67 bytes)
Event: 3.644 Thread 0x0000000016ca0800 nmethod 1284 0x0000000002667110 code [0x00000000026672e0, 0x0000000002667ad8]
Event: 3.644 Thread 0x0000000016ca0800 1300       3       com.android.dx.cf.code.OneLocalsArray::getMaxLocals (6 bytes)
Event: 3.644 Thread 0x0000000016ca0800 nmethod 1300 0x0000000002667e90 code [0x0000000002667fe0, 0x0000000002668130]
Event: 3.644 Thread 0x0000000016ca0800 1298       3       com.android.dx.cf.code.OneLocalsArray::merge (22 bytes)
Event: 3.645 Thread 0x0000000016ca0800 nmethod 1298 0x00000000026681d0 code [0x00000000026683a0, 0x0000000002668ad8]
Event: 3.645 Thread 0x0000000016ca0800 1299   !   3       com.android.dx.cf.code.OneLocalsArray::merge (31 bytes)
Event: 3.645 Thread 0x0000000016ca0800 nmethod 1299 0x0000000002668d10 code [0x0000000002668ec0, 0x0000000002669288]

GC Heap History (2 events):
Event: 3.279 GC heap before
{Heap before GC invocations=1 (full 0):
 PSYoungGen      total 38400K, used 33280K [0x00000000eab00000, 0x00000000ed580000, 0x0000000100000000)
  eden space 33280K, 100% used [0x00000000eab00000,0x00000000ecb80000,0x00000000ecb80000)
  from space 5120K, 0% used [0x00000000ed080000,0x00000000ed080000,0x00000000ed580000)
  to   space 5120K, 0% used [0x00000000ecb80000,0x00000000ecb80000,0x00000000ed080000)
 ParOldGen       total 87552K, used 0K [0x00000000c0000000, 0x00000000c5580000, 0x00000000eab00000)
  object space 87552K, 0% used [0x00000000c0000000,0x00000000c0000000,0x00000000c5580000)
 Metaspace       used 5938K, capacity 6960K, committed 7040K, reserved 1056768K
  class space    used 593K, capacity 616K, committed 640K, reserved 1048576K
Event: 3.494 GC heap after
Heap after GC invocations=1 (full 0):
 PSYoungGen      total 38400K, used 5110K [0x00000000eab00000, 0x00000000ef600000, 0x0000000100000000)
  eden space 33280K, 0% used [0x00000000eab00000,0x00000000eab00000,0x00000000ecb80000)
  from space 5120K, 99% used [0x00000000ecb80000,0x00000000ed07d900,0x00000000ed080000)
  to   space 5120K, 0% used [0x00000000ef100000,0x00000000ef100000,0x00000000ef600000)
 ParOldGen       total 87552K, used 1971K [0x00000000c0000000, 0x00000000c5580000, 0x00000000eab00000)
  object space 87552K, 2% used [0x00000000c0000000,0x00000000c01ecea8,0x00000000c5580000)
 Metaspace       used 5938K, capacity 6960K, committed 7040K, reserved 1056768K
  class space    used 593K, capacity 616K, committed 640K, reserved 1048576K
}

Deoptimization events (7 events):
Event: 3.115 Thread 0x0000000001f7d800 Uncommon trap: reason=unloaded action=reinterpret pc=0x000000000240d558 method=com.android.dx.cf.cst.ConstantPoolParser.parse0(ILjava/util/BitSet;)Lcom/android/dx/rop/cst/Constant; @ 176
Event: 3.173 Thread 0x0000000001f7d800 Uncommon trap: reason=unreached action=reinterpret pc=0x000000000258139c method=com.android.dx.rop.cst.Constant.compareTo(Lcom/android/dx/rop/cst/Constant;)I @ 12
Event: 3.203 Thread 0x0000000016f78800 Uncommon trap: reason=class_check action=maybe_recompile pc=0x000000000245b43c method=com.android.dx.ssa.NormalSsaInsn.accept(Lcom/android/dx/ssa/SsaInsn$Visitor;)V @ 9
Event: 3.203 Thread 0x0000000016f78800 Uncommon trap: reason=class_check action=maybe_recompile pc=0x00000000024646d4 method=com.android.dx.ssa.NormalSsaInsn.accept(Lcom/android/dx/ssa/SsaInsn$Visitor;)V @ 9
Event: 3.204 Thread 0x0000000016f78800 Uncommon trap: reason=class_check action=maybe_recompile pc=0x00000000024646d4 method=com.android.dx.ssa.NormalSsaInsn.accept(Lcom/android/dx/ssa/SsaInsn$Visitor;)V @ 9
Event: 3.204 Thread 0x0000000016f78800 Uncommon trap: reason=class_check action=maybe_recompile pc=0x00000000024646d4 method=com.android.dx.ssa.NormalSsaInsn.accept(Lcom/android/dx/ssa/SsaInsn$Visitor;)V @ 9
Event: 3.205 Thread 0x0000000016f78800 Uncommon trap: reason=class_check action=maybe_recompile pc=0x000000000245b43c method=com.android.dx.ssa.NormalSsaInsn.accept(Lcom/android/dx/ssa/SsaInsn$Visitor;)V @ 9

Internal exceptions (10 events):
Event: 1.431 Thread 0x0000000016f73800 Exception <a 'java/security/PrivilegedActionException'> (0x00000000eb62a360) thrown at [C:\workspace\8-2-build-windows-amd64-cygwin\jdk8u31\2394\hotspot\src\share\vm\prims\jvm.cpp, line 1312]
Event: 1.434 Thread 0x0000000016f45000 Exception <a 'java/security/PrivilegedActionException'> (0x00000000eb36a328) thrown at [C:\workspace\8-2-build-windows-amd64-cygwin\jdk8u31\2394\hotspot\src\share\vm\prims\jvm.cpp, line 1312]
Event: 1.441 Thread 0x0000000016f45000 Exception <a 'java/security/PrivilegedActionException'> (0x00000000eb764aa8) thrown at [C:\workspace\8-2-build-windows-amd64-cygwin\jdk8u31\2394\hotspot\src\share\vm\prims\jvm.cpp, line 1312]
Event: 1.461 Thread 0x0000000016e79800 Exception <a 'java/security/PrivilegedActionException'> (0x00000000eb7522f0) thrown at [C:\workspace\8-2-build-windows-amd64-cygwin\jdk8u31\2394\hotspot\src\share\vm\prims\jvm.cpp, line 1312]
Event: 1.909 Thread 0x0000000016f73800 Exception <a 'java/security/PrivilegedActionException'> (0x00000000eb6ab1b0) thrown at [C:\workspace\8-2-build-windows-amd64-cygwin\jdk8u31\2394\hotspot\src\share\vm\prims\jvm.cpp, line 1312]
Event: 1.911 Thread 0x0000000016f73800 Exception <a 'java/security/PrivilegedActionException'> (0x00000000eb6b0960) thrown at [C:\workspace\8-2-build-windows-amd64-cygwin\jdk8u31\2394\hotspot\src\share\vm\prims\jvm.cpp, line 1312]
Event: 1.912 Thread 0x0000000016f73800 Exception <a 'java/security/PrivilegedActionException'> (0x00000000eb6b5dd0) thrown at [C:\workspace\8-2-build-windows-amd64-cygwin\jdk8u31\2394\hotspot\src\share\vm\prims\jvm.cpp, line 1312]
Event: 2.102 Thread 0x0000000001f7d800 Exception <a 'java/security/PrivilegedActionException'> (0x00000000ebb4d128) thrown at [C:\workspace\8-2-build-windows-amd64-cygwin\jdk8u31\2394\hotspot\src\share\vm\prims\jvm.cpp, line 1312]
Event: 2.320 Thread 0x0000000016f78800 Exception <a 'java/security/PrivilegedActionException'> (0x00000000eb908348) thrown at [C:\workspace\8-2-build-windows-amd64-cygwin\jdk8u31\2394\hotspot\src\share\vm\prims\jvm.cpp, line 1312]
Event: 2.322 Thread 0x0000000016f45000 Exception <a 'java/security/PrivilegedActionException'> (0x00000000ebb05c48) thrown at [C:\workspace\8-2-build-windows-amd64-cygwin\jdk8u31\2394\hotspot\src\share\vm\prims\jvm.cpp, line 1312]

Events (10 events):
Event: 3.204 Thread 0x0000000016f78800 DEOPT PACKING pc=0x00000000024646d4 sp=0x0000000017d6e490
Event: 3.204 Thread 0x0000000016f78800 DEOPT UNPACKING pc=0x00000000021c556a sp=0x0000000017d6e4b0 mode 2
Event: 3.204 Thread 0x0000000016f78800 Uncommon trap: trap_request=0xffffffde fr.pc=0x00000000024646d4
Event: 3.204 Thread 0x0000000016f78800 DEOPT PACKING pc=0x00000000024646d4 sp=0x0000000017d6e490
Event: 3.204 Thread 0x0000000016f78800 DEOPT UNPACKING pc=0x00000000021c556a sp=0x0000000017d6e4b0 mode 2
Event: 3.205 Thread 0x0000000016f78800 Uncommon trap: trap_request=0xffffffde fr.pc=0x000000000245b43c
Event: 3.205 Thread 0x0000000016f78800 DEOPT PACKING pc=0x000000000245b43c sp=0x0000000017d6e480
Event: 3.205 Thread 0x0000000016f78800 DEOPT UNPACKING pc=0x00000000021c556a sp=0x0000000017d6e430 mode 2
Event: 3.278 Executing VM operation: ParallelGCFailedAllocation
Event: 3.494 Executing VM operation: ParallelGCFailedAllocation done


Dynamic libraries:
0x00007ff79e130000 - 0x00007ff79e164000 	C:\Program Files\Java\jdk1.8.0_31\bin\java.exe
0x00007ffc79220000 - 0x00007ffc793cd000 	C:\Windows\SYSTEM32\ntdll.dll
0x00007ffc77940000 - 0x00007ffc77a7e000 	C:\Windows\system32\KERNEL32.DLL
0x00007ffc76410000 - 0x00007ffc76525000 	C:\Windows\system32\KERNELBASE.dll
0x00007ffc74ec0000 - 0x00007ffc74f4e000 	C:\Windows\system32\apphelp.dll
0x00007ffc66070000 - 0x00007ffc660c3000 	C:\Windows\AppPatch\AppPatch64\AcGenral.DLL
0x00007ffc77890000 - 0x00007ffc7793a000 	C:\Windows\system32\msvcrt.dll
0x00007ffc76530000 - 0x00007ffc7655e000 	C:\Windows\system32\SspiCli.dll
0x00007ffc771d0000 - 0x00007ffc77224000 	C:\Windows\system32\SHLWAPI.dll
0x00007ffc77050000 - 0x00007ffc771c7000 	C:\Windows\system32\USER32.dll
0x00007ffc76cf0000 - 0x00007ffc76e84000 	C:\Windows\system32\ole32.dll
0x00007ffc77a80000 - 0x00007ffc78fa8000 	C:\Windows\system32\SHELL32.dll
0x00007ffc758c0000 - 0x00007ffc758e1000 	C:\Windows\SYSTEM32\USERENV.dll
0x00007ffc79070000 - 0x00007ffc7911a000 	C:\Windows\system32\ADVAPI32.dll
0x00007ffc68930000 - 0x00007ffc6894e000 	C:\Windows\SYSTEM32\MPR.dll
0x00007ffc772f0000 - 0x00007ffc77430000 	C:\Windows\system32\RPCRT4.dll
0x00007ffc79160000 - 0x00007ffc791b9000 	C:\Windows\SYSTEM32\sechost.dll
0x00007ffc77670000 - 0x00007ffc77881000 	C:\Windows\SYSTEM32\combase.dll
0x00007ffc768a0000 - 0x00007ffc769ef000 	C:\Windows\system32\GDI32.dll
0x00007ffc76340000 - 0x00007ffc76355000 	C:\Windows\SYSTEM32\profapi.dll
0x00007ffc74870000 - 0x00007ffc74922000 	C:\Windows\SYSTEM32\SHCORE.dll
0x00007ffc79120000 - 0x00007ffc79156000 	C:\Windows\system32\IMM32.DLL
0x00007ffc76ef0000 - 0x00007ffc77042000 	C:\Windows\system32\MSCTF.dll
0x00007ffc762f0000 - 0x00007ffc76321000 	C:\Windows\system32\nvinitx.dll
0x00007ffc762e0000 - 0x00007ffc762ea000 	C:\Windows\SYSTEM32\VERSION.dll
0x000000006bef0000 - 0x000000006bef6000 	C:\Program Files\NVIDIA Corporation\CoProcManager\_etoured.dll
0x00007ffc743b0000 - 0x00007ffc743e2000 	C:\Program Files\NVIDIA Corporation\CoProcManager\nvd3d9wrapx.dll
0x00007ffc76a10000 - 0x00007ffc76bea000 	C:\Windows\system32\SETUPAPI.dll
0x00007ffc76560000 - 0x00007ffc765af000 	C:\Windows\system32\CFGMGR32.dll
0x00007ffc74380000 - 0x00007ffc743a2000 	C:\Program Files\NVIDIA Corporation\CoProcManager\nvdxgiwrapx.dll
0x00007ffc743f0000 - 0x00007ffc7466b000 	C:\Windows\WinSxS\amd64_microsoft.windows.common-controls_6595b64144ccf1df_6.0.9600.18006_none_623f33d3ecbe86e8\COMCTL32.dll
0x00000000688f0000 - 0x00000000689c2000 	C:\Program Files\Java\jdk1.8.0_31\jre\bin\msvcr100.dll
0x0000000068090000 - 0x00000000688ea000 	C:\Program Files\Java\jdk1.8.0_31\jre\bin\server\jvm.dll
0x00007ffc6e370000 - 0x00007ffc6e379000 	C:\Windows\SYSTEM32\WSOCK32.dll
0x00007ffc71f30000 - 0x00007ffc71f52000 	C:\Windows\SYSTEM32\WINMM.dll
0x00007ffc769f0000 - 0x00007ffc769f7000 	C:\Windows\system32\PSAPI.DLL
0x00007ffc76e90000 - 0x00007ffc76eea000 	C:\Windows\system32\WS2_32.dll
0x00007ffc71a60000 - 0x00007ffc71a8a000 	C:\Windows\SYSTEM32\WINMMBASE.dll
0x00007ffc76ce0000 - 0x00007ffc76ce9000 	C:\Windows\system32\NSI.dll
0x00007ffc75140000 - 0x00007ffc75168000 	C:\Windows\SYSTEM32\DEVOBJ.dll
0x0000000068080000 - 0x000000006808f000 	C:\Program Files\Java\jdk1.8.0_31\jre\bin\verify.dll
0x0000000068050000 - 0x0000000068078000 	C:\Program Files\Java\jdk1.8.0_31\jre\bin\java.dll
0x0000000068030000 - 0x0000000068046000 	C:\Program Files\Java\jdk1.8.0_31\jre\bin\zip.dll

VM Arguments:
jvm_args: -Djava.awt.headless=true -Xmx1024M -Dfile.encoding=windows-1252 -Duser.country=US -Duser.language=en -Duser.variant 
java_command: com.android.dx.command.Main --dex --num-threads=4 --output C:\tmp\T02.04-Exercise-ConnectingToTheInternet\app\intermediates\pre-dexed\debug\com.android.support-support-fragment-25.0.1_4ebca5559c9fb98d43cd45643c7e87029d492e53.jar C:\tmp\T02.04-Exercise-ConnectingToTheInternet\app\intermediates\exploded-aar\com.android.support\support-fragment\25.0.1\jars\classes.jar
java_class_path (initial): D:\Android\sdk\build-tools\25.0.1\lib\dx.jar
Launcher Type: SUN_STANDARD

Environment Variables:
PATH=C:\ProgramData\Oracle\Java\javapath;C:\Windows\system32;C:\Windows;C:\Windows\System32\Wbem;C:\Windows\System32\WindowsPowerShell\v1.0\;C:\Program Files (x86)\NVIDIA Corporation\PhysX\Common;C:\Program Files\Java\jdk1.8.0_71\bin;C:\Program Files (x86)\Skype\Phone\;C:\Program Files\Microsoft SQL Server\120\Tools\Binn\;C:\Program Files\Microsoft SQL Server\130\Tools\Binn\;C:\Program Files (x86)\Windows Kits\10\Windows Performance Toolkit\;C:\Program Files (x86)\GtkSharp\2.12\bin;D:\nodejs\;C:\Users\Ngoc Nguyen\AppData\Roaming\npm
USERNAME=Ngoc Nguyen account
OS=Windows_NT
PROCESSOR_IDENTIFIER=Intel64 Family 6 Model 58 Stepping 9, GenuineIntel



---------------  S Y S T E M  ---------------

OS: Windows 8.1 , 64 bit Build 9600 

CPU:total 8 (4 cores per cpu, 2 threads per core) family 6 model 58 stepping 9, cmov, cx8, fxsr, mmx, sse, sse2, sse3, ssse3, sse4.1, sse4.2, popcnt, avx, aes, clmul, erms, ht, tsc, tscinvbit, tscinv

Memory: 4k page, physical 8271356k(966244k free), swap 11417084k(5132k free)

vm_info: Java HotSpot(TM) 64-Bit Server VM (25.31-b07) for windows-amd64 JRE (1.8.0_31-b13), built on Dec 17 2014 21:00:28 by "java_re" with MS VC++ 10.0 (VS2010)

time: Fri Dec 30 21:53:57 2016
elapsed time: 3 seconds (0d 0h 0m 3s)

