#
# There is insufficient memory for the Java Runtime Environment to continue.
# Native memory allocation (malloc) failed to allocate 1228736 bytes for Chunk::new
# Possible reasons:
#   The system is out of physical RAM or swap space
#   In 32 bit mode, the process size limit was hit
# Possible solutions:
#   Reduce memory load on the system
#   Increase physical memory or swap space
#   Check if swap backing store is full
#   Use 64 bit Java on a 64 bit OS
#   Decrease Java heap size (-Xmx/-Xms)
#   Decrease number of Java threads
#   Decrease Java thread stack sizes (-Xss)
#   Set larger code cache with -XX:ReservedCodeCacheSize=
# This output file may be truncated or incomplete.
#
#  Out of Memory Error (allocation.cpp:390), pid=9048, tid=2960
#
# JRE version: Java(TM) SE Runtime Environment (8.0_31-b13) (build 1.8.0_31-b13)
# Java VM: Java HotSpot(TM) 64-Bit Server VM (25.31-b07 mixed mode windows-amd64 compressed oops)
# Failed to write core dump. Minidumps are not enabled by default on client versions of Windows
#

---------------  T H R E A D  ---------------

Current thread (0x0000000016a72800):  JavaThread "C2 CompilerThread2" daemon [_thread_in_native, id=2960, stack(0x0000000017240000,0x0000000017340000)]

Stack: [0x0000000017240000,0x0000000017340000]
Native frames: (J=compiled Java code, j=interpreted, Vv=VM code, C=native code)
V  [jvm.dll+0x3169ba]
V  [jvm.dll+0x2674c3]
V  [jvm.dll+0x268103]
V  [jvm.dll+0x25f8f5]
V  [jvm.dll+0xbf025]
V  [jvm.dll+0xbf4cc]
V  [jvm.dll+0x45df82]
V  [jvm.dll+0x49f21f]
V  [jvm.dll+0x452b35]
V  [jvm.dll+0x454124]
V  [jvm.dll+0x437c62]
V  [jvm.dll+0x988e2]
V  [jvm.dll+0x990d3]
V  [jvm.dll+0x22c194]
V  [jvm.dll+0x28576a]
C  [msvcr100.dll+0x21d9f]
C  [msvcr100.dll+0x21e3b]
C  [KERNEL32.DLL+0x13d2]
C  [ntdll.dll+0x154e4]


Current CompileTask:
C2:   3679 1314       4       com.android.dx.dex.code.OutputFinisher::addConstants (93 bytes)


---------------  P R O C E S S  ---------------

Java Threads: ( => current thread )
  0x0000000016af7800 JavaThread "Service Thread" daemon [_thread_blocked, id=10048, stack(0x0000000017440000,0x0000000017540000)]
  0x0000000016a75800 JavaThread "C1 CompilerThread3" daemon [_thread_blocked, id=8028, stack(0x0000000017340000,0x0000000017440000)]
=>0x0000000016a72800 JavaThread "C2 CompilerThread2" daemon [_thread_in_native, id=2960, stack(0x0000000017240000,0x0000000017340000)]
  0x0000000016a6a000 JavaThread "C2 CompilerThread1" daemon [_thread_blocked, id=8364, stack(0x0000000017140000,0x0000000017240000)]
  0x0000000016a67000 JavaThread "C2 CompilerThread0" daemon [_thread_blocked, id=9416, stack(0x0000000017040000,0x0000000017140000)]
  0x0000000016a64800 JavaThread "Attach Listener" daemon [_thread_blocked, id=9476, stack(0x0000000016f40000,0x0000000017040000)]
  0x0000000016a64000 JavaThread "Signal Dispatcher" daemon [_thread_blocked, id=7612, stack(0x0000000016e40000,0x0000000016f40000)]
  0x0000000001f57800 JavaThread "Finalizer" daemon [_thread_blocked, id=2148, stack(0x0000000016940000,0x0000000016a40000)]
  0x0000000014a7c800 JavaThread "Reference Handler" daemon [_thread_blocked, id=6956, stack(0x0000000016840000,0x0000000016940000)]
  0x0000000001e2d800 JavaThread "main" [_thread_in_Java, id=7712, stack(0x0000000001ca0000,0x0000000001da0000)]

Other Threads:
  0x0000000014a78800 VMThread [stack: 0x0000000016740000,0x0000000016840000] [id=2668]
  0x0000000016b08800 WatcherThread [stack: 0x0000000017540000,0x0000000017640000] [id=4588]

VM state:not at safepoint (normal execution)

VM Mutex/Monitor currently owned by a thread: None

Heap:
 PSYoungGen      total 38400K, used 31975K [0x00000000eab00000, 0x00000000ed580000, 0x0000000100000000)
  eden space 33280K, 96% used [0x00000000eab00000,0x00000000eca39ff8,0x00000000ecb80000)
  from space 5120K, 0% used [0x00000000ed080000,0x00000000ed080000,0x00000000ed580000)
  to   space 5120K, 0% used [0x00000000ecb80000,0x00000000ecb80000,0x00000000ed080000)
 ParOldGen       total 87552K, used 0K [0x00000000c0000000, 0x00000000c5580000, 0x00000000eab00000)
  object space 87552K, 0% used [0x00000000c0000000,0x00000000c0000000,0x00000000c5580000)
 Metaspace       used 6247K, capacity 7152K, committed 7296K, reserved 1056768K
  class space    used 609K, capacity 616K, committed 640K, reserved 1048576K

Card table byte_map: [0x0000000011320000,0x0000000011530000] byte_map_base: 0x0000000010d20000

Marking Bits: (ParMarkBitMap*) 0x000000006886d4f0
 Begin Bits: [0x0000000011e90000, 0x0000000012e90000)
 End Bits:   [0x0000000012e90000, 0x0000000013e90000)

Polling page: 0x0000000000400000

CodeCache: size=245760Kb used=5530Kb max_used=5530Kb free=240229Kb
 bounds [0x0000000001f60000, 0x00000000024d0000, 0x0000000010f60000]
 total_blobs=1734 nmethods=1468 adapters=180
 compilation: enabled

Compilation events (10 events):
Event: 3.572 Thread 0x0000000016a75800 nmethod 1374 0x000000000246e3d0 code [0x000000000246e580, 0x000000000246ed58]
Event: 3.572 Thread 0x0000000016a75800 1375       3       com.android.dx.dex.code.DalvInsn::setAddress (20 bytes)
Event: 3.573 Thread 0x0000000016a75800 nmethod 1375 0x000000000246f0d0 code [0x000000000246f240, 0x000000000246f468]
Event: 3.573 Thread 0x0000000016a75800 1376       3       com.android.dx.dex.code.DalvInsnList::set (7 bytes)
Event: 3.574 Thread 0x0000000016a75800 nmethod 1376 0x000000000246f510 code [0x000000000246f6e0, 0x000000000246fe88]
Event: 3.574 Thread 0x0000000016a75800 1377       3       com.android.dx.dex.code.form.SpecialFormat::isCompatible (2 bytes)
Event: 3.574 Thread 0x0000000016a75800 nmethod 1377 0x0000000002470390 code [0x00000000024704e0, 0x0000000002470630]
Event: 3.574 Thread 0x0000000016a75800 1378       3       com.android.dx.dex.code.ZeroSizeInsn::codeSize (2 bytes)
Event: 3.574 Thread 0x0000000016a75800 nmethod 1378 0x00000000024706d0 code [0x0000000002470820, 0x0000000002470970]
Event: 3.575 Thread 0x0000000016a75800 1379       3       com.android.dx.dex.code.LocalList$MakeState::filterSpec (24 bytes)

GC Heap History (0 events):
No events

Deoptimization events (10 events):
Event: 3.409 Thread 0x0000000001e2d800 Uncommon trap: reason=class_check action=maybe_recompile pc=0x000000000232b640 method=java.util.Arrays.hashCode([Ljava/lang/Object;)I @ 43
Event: 3.415 Thread 0x0000000001e2d800 Uncommon trap: reason=bimorphic action=maybe_recompile pc=0x0000000002252730 method=java.util.HashMap.getNode(ILjava/lang/Object;)Ljava/util/HashMap$Node; @ 126
Event: 3.415 Thread 0x0000000001e2d800 Uncommon trap: reason=bimorphic action=maybe_recompile pc=0x0000000002252730 method=java.util.HashMap.getNode(ILjava/lang/Object;)Ljava/util/HashMap$Node; @ 126
Event: 3.517 Thread 0x0000000001e2d800 Uncommon trap: reason=bimorphic action=maybe_recompile pc=0x000000000243f628 method=java.util.HashMap.putVal(ILjava/lang/Object;Ljava/lang/Object;ZZ)Ljava/lang/Object; @ 203
Event: 3.517 Thread 0x0000000001e2d800 Uncommon trap: reason=bimorphic action=maybe_recompile pc=0x000000000243f628 method=java.util.HashMap.putVal(ILjava/lang/Object;Ljava/lang/Object;ZZ)Ljava/lang/Object; @ 203
Event: 3.517 Thread 0x0000000001e2d800 Uncommon trap: reason=bimorphic action=maybe_recompile pc=0x000000000243f628 method=java.util.HashMap.putVal(ILjava/lang/Object;Ljava/lang/Object;ZZ)Ljava/lang/Object; @ 203
Event: 3.517 Thread 0x0000000001e2d800 Uncommon trap: reason=bimorphic action=maybe_recompile pc=0x000000000243f628 method=java.util.HashMap.putVal(ILjava/lang/Object;Ljava/lang/Object;ZZ)Ljava/lang/Object; @ 203
Event: 3.528 Thread 0x0000000001e2d800 Uncommon trap: reason=bimorphic action=maybe_recompile pc=0x0000000002252730 method=java.util.HashMap.getNode(ILjava/lang/Object;)Ljava/util/HashMap$Node; @ 126
Event: 3.528 Thread 0x0000000001e2d800 Uncommon trap: reason=bimorphic action=maybe_recompile pc=0x0000000002252730 method=java.util.HashMap.getNode(ILjava/lang/Object;)Ljava/util/HashMap$Node; @ 126
Event: 3.528 Thread 0x0000000001e2d800 Uncommon trap: reason=bimorphic action=maybe_recompile pc=0x000000000216b510 method=java.util.HashMap.getNode(ILjava/lang/Object;)Ljava/util/HashMap$Node; @ 126

Internal exceptions (10 events):
Event: 3.548 Thread 0x0000000001e2d800 Exception <a 'java/security/PrivilegedActionException'> (0x00000000ec8f0ab8) thrown at [C:\workspace\8-2-build-windows-amd64-cygwin\jdk8u31\2394\hotspot\src\share\vm\prims\jvm.cpp, line 1312]
Event: 3.559 Thread 0x0000000001e2d800 Exception <a 'java/security/PrivilegedActionException'> (0x00000000ec8f3378) thrown at [C:\workspace\8-2-build-windows-amd64-cygwin\jdk8u31\2394\hotspot\src\share\vm\prims\jvm.cpp, line 1312]
Event: 3.560 Thread 0x0000000001e2d800 Exception <a 'java/security/PrivilegedActionException'> (0x00000000ec8f88c0) thrown at [C:\workspace\8-2-build-windows-amd64-cygwin\jdk8u31\2394\hotspot\src\share\vm\prims\jvm.cpp, line 1312]
Event: 3.561 Thread 0x0000000001e2d800 Exception <a 'java/security/PrivilegedActionException'> (0x00000000ec8fbc98) thrown at [C:\workspace\8-2-build-windows-amd64-cygwin\jdk8u31\2394\hotspot\src\share\vm\prims\jvm.cpp, line 1312]
Event: 3.562 Thread 0x0000000001e2d800 Exception <a 'java/security/PrivilegedActionException'> (0x00000000ec8fe548) thrown at [C:\workspace\8-2-build-windows-amd64-cygwin\jdk8u31\2394\hotspot\src\share\vm\prims\jvm.cpp, line 1312]
Event: 3.563 Thread 0x0000000001e2d800 Exception <a 'java/security/PrivilegedActionException'> (0x00000000ec9035d8) thrown at [C:\workspace\8-2-build-windows-amd64-cygwin\jdk8u31\2394\hotspot\src\share\vm\prims\jvm.cpp, line 1312]
Event: 3.564 Thread 0x0000000001e2d800 Exception <a 'java/security/PrivilegedActionException'> (0x00000000ec9099e8) thrown at [C:\workspace\8-2-build-windows-amd64-cygwin\jdk8u31\2394\hotspot\src\share\vm\prims\jvm.cpp, line 1312]
Event: 3.565 Thread 0x0000000001e2d800 Exception <a 'java/security/PrivilegedActionException'> (0x00000000ec90c7b0) thrown at [C:\workspace\8-2-build-windows-amd64-cygwin\jdk8u31\2394\hotspot\src\share\vm\prims\jvm.cpp, line 1312]
Event: 3.566 Thread 0x0000000001e2d800 Exception <a 'java/security/PrivilegedActionException'> (0x00000000ec911480) thrown at [C:\workspace\8-2-build-windows-amd64-cygwin\jdk8u31\2394\hotspot\src\share\vm\prims\jvm.cpp, line 1312]
Event: 3.567 Thread 0x0000000001e2d800 Exception <a 'java/security/PrivilegedActionException'> (0x00000000ec9159a8) thrown at [C:\workspace\8-2-build-windows-amd64-cygwin\jdk8u31\2394\hotspot\src\share\vm\prims\jvm.cpp, line 1312]

Events (10 events):
Event: 3.562 loading class com/android/dx/dex/code/LocalList$MakeState
Event: 3.562 loading class com/android/dx/dex/code/LocalList$MakeState done
Event: 3.564 loading class com/android/dx/dex/code/LocalList$Disposition
Event: 3.564 loading class com/android/dx/dex/code/LocalList$Disposition done
Event: 3.565 loading class com/android/dx/dex/code/LocalList$Entry
Event: 3.565 loading class com/android/dx/dex/code/LocalList$Entry done
Event: 3.566 loading class com/android/dx/dex/code/CatchHandlerList
Event: 3.566 loading class com/android/dx/dex/code/CatchHandlerList done
Event: 3.567 loading class com/android/dx/dex/code/CatchTable
Event: 3.567 loading class com/android/dx/dex/code/CatchTable done


Dynamic libraries:
0x00007ff79e130000 - 0x00007ff79e164000 	C:\Program Files\Java\jdk1.8.0_31\bin\java.exe
0x00007ffc79220000 - 0x00007ffc793cd000 	C:\Windows\SYSTEM32\ntdll.dll
0x00007ffc77940000 - 0x00007ffc77a7e000 	C:\Windows\system32\KERNEL32.DLL
0x00007ffc76410000 - 0x00007ffc76525000 	C:\Windows\system32\KERNELBASE.dll
0x00007ffc74ec0000 - 0x00007ffc74f4e000 	C:\Windows\system32\apphelp.dll
0x00007ffc66070000 - 0x00007ffc660c3000 	C:\Windows\AppPatch\AppPatch64\AcGenral.DLL
0x00007ffc77890000 - 0x00007ffc7793a000 	C:\Windows\system32\msvcrt.dll
0x00007ffc76530000 - 0x00007ffc7655e000 	C:\Windows\system32\SspiCli.dll
0x00007ffc771d0000 - 0x00007ffc77224000 	C:\Windows\system32\SHLWAPI.dll
0x00007ffc77050000 - 0x00007ffc771c7000 	C:\Windows\system32\USER32.dll
0x00007ffc76cf0000 - 0x00007ffc76e84000 	C:\Windows\system32\ole32.dll
0x00007ffc77a80000 - 0x00007ffc78fa8000 	C:\Windows\system32\SHELL32.dll
0x00007ffc758c0000 - 0x00007ffc758e1000 	C:\Windows\SYSTEM32\USERENV.dll
0x00007ffc79070000 - 0x00007ffc7911a000 	C:\Windows\system32\ADVAPI32.dll
0x00007ffc68930000 - 0x00007ffc6894e000 	C:\Windows\SYSTEM32\MPR.dll
0x00007ffc772f0000 - 0x00007ffc77430000 	C:\Windows\system32\RPCRT4.dll
0x00007ffc79160000 - 0x00007ffc791b9000 	C:\Windows\SYSTEM32\sechost.dll
0x00007ffc77670000 - 0x00007ffc77881000 	C:\Windows\SYSTEM32\combase.dll
0x00007ffc768a0000 - 0x00007ffc769ef000 	C:\Windows\system32\GDI32.dll
0x00007ffc76340000 - 0x00007ffc76355000 	C:\Windows\SYSTEM32\profapi.dll
0x00007ffc74870000 - 0x00007ffc74922000 	C:\Windows\SYSTEM32\SHCORE.dll
0x00007ffc79120000 - 0x00007ffc79156000 	C:\Windows\system32\IMM32.DLL
0x00007ffc76ef0000 - 0x00007ffc77042000 	C:\Windows\system32\MSCTF.dll
0x00007ffc762f0000 - 0x00007ffc76321000 	C:\Windows\system32\nvinitx.dll
0x00007ffc762e0000 - 0x00007ffc762ea000 	C:\Windows\SYSTEM32\VERSION.dll
0x000000006bef0000 - 0x000000006bef6000 	C:\Program Files\NVIDIA Corporation\CoProcManager\_etoured.dll
0x00007ffc743b0000 - 0x00007ffc743e2000 	C:\Program Files\NVIDIA Corporation\CoProcManager\nvd3d9wrapx.dll
0x00007ffc76a10000 - 0x00007ffc76bea000 	C:\Windows\system32\SETUPAPI.dll
0x00007ffc76560000 - 0x00007ffc765af000 	C:\Windows\system32\CFGMGR32.dll
0x00007ffc74380000 - 0x00007ffc743a2000 	C:\Program Files\NVIDIA Corporation\CoProcManager\nvdxgiwrapx.dll
0x00007ffc743f0000 - 0x00007ffc7466b000 	C:\Windows\WinSxS\amd64_microsoft.windows.common-controls_6595b64144ccf1df_6.0.9600.18006_none_623f33d3ecbe86e8\COMCTL32.dll
0x00000000688f0000 - 0x00000000689c2000 	C:\Program Files\Java\jdk1.8.0_31\jre\bin\msvcr100.dll
0x0000000068090000 - 0x00000000688ea000 	C:\Program Files\Java\jdk1.8.0_31\jre\bin\server\jvm.dll
0x00007ffc6e370000 - 0x00007ffc6e379000 	C:\Windows\SYSTEM32\WSOCK32.dll
0x00007ffc71f30000 - 0x00007ffc71f52000 	C:\Windows\SYSTEM32\WINMM.dll
0x00007ffc769f0000 - 0x00007ffc769f7000 	C:\Windows\system32\PSAPI.DLL
0x00007ffc76e90000 - 0x00007ffc76eea000 	C:\Windows\system32\WS2_32.dll
0x00007ffc71a60000 - 0x00007ffc71a8a000 	C:\Windows\SYSTEM32\WINMMBASE.dll
0x00007ffc76ce0000 - 0x00007ffc76ce9000 	C:\Windows\system32\NSI.dll
0x00007ffc75140000 - 0x00007ffc75168000 	C:\Windows\SYSTEM32\DEVOBJ.dll
0x0000000068080000 - 0x000000006808f000 	C:\Program Files\Java\jdk1.8.0_31\jre\bin\verify.dll
0x0000000068050000 - 0x0000000068078000 	C:\Program Files\Java\jdk1.8.0_31\jre\bin\java.dll
0x0000000068030000 - 0x0000000068046000 	C:\Program Files\Java\jdk1.8.0_31\jre\bin\zip.dll
0x00007ffc6a490000 - 0x00007ffc6a619000 	C:\Windows\SYSTEM32\dbghelp.dll

VM Arguments:
jvm_args: -Djava.awt.headless=true -Xmx1024M -Dfile.encoding=windows-1252 -Duser.country=US -Duser.language=en -Duser.variant 
java_command: com.android.dx.command.Main --dex --num-threads=4 --output C:\tmp\T02.04-Exercise-ConnectingToTheInternet\app\intermediates\pre-dexed\debug\internal_impl-25.0.1_a5662af222876fce592afc2fce87c21dcfc1ab8e.jar C:\tmp\T02.04-Exercise-ConnectingToTheInternet\app\intermediates\exploded-aar\com.android.support\support-media-compat\25.0.1\jars\libs\internal_impl-25.0.1.jar
java_class_path (initial): D:\Android\sdk\build-tools\25.0.1\lib\dx.jar
Launcher Type: SUN_STANDARD

Environment Variables:
PATH=C:\ProgramData\Oracle\Java\javapath;C:\Windows\system32;C:\Windows;C:\Windows\System32\Wbem;C:\Windows\System32\WindowsPowerShell\v1.0\;C:\Program Files (x86)\NVIDIA Corporation\PhysX\Common;C:\Program Files\Java\jdk1.8.0_71\bin;C:\Program Files (x86)\Skype\Phone\;C:\Program Files\Microsoft SQL Server\120\Tools\Binn\;C:\Program Files\Microsoft SQL Server\130\Tools\Binn\;C:\Program Files (x86)\Windows Kits\10\Windows Performance Toolkit\;C:\Program Files (x86)\GtkSharp\2.12\bin;D:\nodejs\;C:\Users\Ngoc Nguyen\AppData\Roaming\npm
USERNAME=Ngoc Nguyen account
OS=Windows_NT
PROCESSOR_IDENTIFIER=Intel64 Family 6 Model 58 Stepping 9, GenuineIntel



---------------  S Y S T E M  ---------------

OS: Windows 8.1 , 64 bit Build 9600 

CPU:total 8 (4 cores per cpu, 2 threads per core) family 6 model 58 stepping 9, cmov, cx8, fxsr, mmx, sse, sse2, sse3, ssse3, sse4.1, sse4.2, popcnt, avx, aes, clmul, erms, ht, tsc, tscinvbit, tscinv

Memory: 4k page, physical 8271356k(967200k free), swap 11417084k(5840k free)

vm_info: Java HotSpot(TM) 64-Bit Server VM (25.31-b07) for windows-amd64 JRE (1.8.0_31-b13), built on Dec 17 2014 21:00:28 by "java_re" with MS VC++ 10.0 (VS2010)

time: Fri Dec 30 21:53:57 2016
elapsed time: 3 seconds (0d 0h 0m 3s)

