#
# There is insufficient memory for the Java Runtime Environment to continue.
# Native memory allocation (malloc) failed to allocate 32744 bytes for ChunkPool::allocate
# Possible reasons:
#   The system is out of physical RAM or swap space
#   In 32 bit mode, the process size limit was hit
# Possible solutions:
#   Reduce memory load on the system
#   Increase physical memory or swap space
#   Check if swap backing store is full
#   Use 64 bit Java on a 64 bit OS
#   Decrease Java heap size (-Xmx/-Xms)
#   Decrease number of Java threads
#   Decrease Java thread stack sizes (-Xss)
#   Set larger code cache with -XX:ReservedCodeCacheSize=
# This output file may be truncated or incomplete.
#
#  Out of Memory Error (allocation.cpp:273), pid=7156, tid=4804
#
# JRE version: Java(TM) SE Runtime Environment (8.0_31-b13) (build 1.8.0_31-b13)
# Java VM: Java HotSpot(TM) 64-Bit Server VM (25.31-b07 mixed mode windows-amd64 compressed oops)
# Failed to write core dump. Minidumps are not enabled by default on client versions of Windows
#

---------------  T H R E A D  ---------------

Current thread (0x000000001740a000):  JavaThread "C2 CompilerThread1" daemon [_thread_in_native, id=4804, stack(0x0000000017ae0000,0x0000000017be0000)]

Stack: [0x0000000017ae0000,0x0000000017be0000]
Native frames: (J=compiled Java code, j=interpreted, Vv=VM code, C=native code)
V  [jvm.dll+0x3169ba]
V  [jvm.dll+0x2674c3]
V  [jvm.dll+0x268103]
V  [jvm.dll+0x25f8f5]
V  [jvm.dll+0xbed81]
V  [jvm.dll+0xbf4cc]
V  [jvm.dll+0x4d02f0]
V  [jvm.dll+0x46d354]
V  [jvm.dll+0x46d3f2]
V  [jvm.dll+0x4dbf64]
V  [jvm.dll+0x438b71]
V  [jvm.dll+0x45cdd4]
V  [jvm.dll+0x4e2b98]
V  [jvm.dll+0x4db697]
V  [jvm.dll+0x4dba19]
V  [jvm.dll+0x4dbf86]
V  [jvm.dll+0x438b71]
V  [jvm.dll+0x453f2b]
V  [jvm.dll+0x437c62]
V  [jvm.dll+0x988e2]
V  [jvm.dll+0x990d3]
V  [jvm.dll+0x22c194]
V  [jvm.dll+0x28576a]
C  [msvcr100.dll+0x21d9f]
C  [msvcr100.dll+0x21e3b]
C  [KERNEL32.DLL+0x13d2]
C  [ntdll.dll+0x154e4]


Current CompileTask:
C2:  47695 1373       4       com.android.dx.ssa.SsaRenamer$BlockRenamer::process (191 bytes)


---------------  P R O C E S S  ---------------

Java Threads: ( => current thread )
  0x0000000017774000 JavaThread "pool-2-thread-4" [_thread_blocked, id=5108, stack(0x0000000018be0000,0x0000000018ce0000)]
  0x0000000017773800 JavaThread "pool-2-thread-3" [_thread_blocked, id=7208, stack(0x0000000018ae0000,0x0000000018be0000)]
  0x0000000017746000 JavaThread "pool-2-thread-2" [_thread_blocked, id=5632, stack(0x00000000189e0000,0x0000000018ae0000)]
  0x0000000017716000 JavaThread "pool-3-thread-1" [_thread_blocked, id=4488, stack(0x00000000188e0000,0x00000000189e0000)]
  0x0000000017715000 JavaThread "pool-2-thread-1" [_thread_blocked, id=2592, stack(0x00000000187e0000,0x00000000188e0000)]
  0x00000000174a1000 JavaThread "Service Thread" daemon [_thread_blocked, id=9908, stack(0x0000000017de0000,0x0000000017ee0000)]
  0x0000000017468000 JavaThread "C1 CompilerThread3" daemon [_thread_in_native, id=7104, stack(0x0000000017ce0000,0x0000000017de0000)]
  0x000000001743c000 JavaThread "C2 CompilerThread2" daemon [_thread_in_native, id=9556, stack(0x0000000017be0000,0x0000000017ce0000)]
=>0x000000001740a000 JavaThread "C2 CompilerThread1" daemon [_thread_in_native, id=4804, stack(0x0000000017ae0000,0x0000000017be0000)]
  0x0000000017408000 JavaThread "C2 CompilerThread0" daemon [_thread_in_native, id=8020, stack(0x00000000179e0000,0x0000000017ae0000)]
  0x0000000017406000 JavaThread "Attach Listener" daemon [_thread_blocked, id=9820, stack(0x00000000178e0000,0x00000000179e0000)]
  0x0000000017405800 JavaThread "Signal Dispatcher" daemon [_thread_blocked, id=5612, stack(0x00000000177e0000,0x00000000178e0000)]
  0x0000000002888800 JavaThread "Finalizer" daemon [_thread_blocked, id=9340, stack(0x00000000172d0000,0x00000000173d0000)]
  0x0000000002882000 JavaThread "Reference Handler" daemon [_thread_blocked, id=8160, stack(0x00000000171d0000,0x00000000172d0000)]
  0x000000000264d800 JavaThread "main" [_thread_blocked, id=5980, stack(0x0000000002690000,0x0000000002790000)]

Other Threads:
  0x00000000153d8800 VMThread [stack: 0x00000000170d0000,0x00000000171d0000] [id=7884]
  0x00000000174a2000 WatcherThread [stack: 0x0000000017ee0000,0x0000000017fe0000] [id=7068]

VM state:at safepoint (normal execution)

VM Mutex/Monitor currently owned by a thread:  ([mutex/lock_event])
[0x000000000264d370] Threads_lock - owner thread: 0x00000000153d8800
[0x000000000264d470] Heap_lock - owner thread: 0x000000000264d800

Heap:
 PSYoungGen      total 38400K, used 38397K [0x00000000eab00000, 0x00000000ed580000, 0x0000000100000000)
  eden space 33280K, 100% used [0x00000000eab00000,0x00000000ecb80000,0x00000000ecb80000)
  from space 5120K, 99% used [0x00000000ecb80000,0x00000000ed07f618,0x00000000ed080000)
  to   space 5120K, 99% used [0x00000000ed080000,0x00000000ed57a048,0x00000000ed580000)
 ParOldGen       total 87552K, used 14502K [0x00000000c0000000, 0x00000000c5580000, 0x00000000eab00000)
  object space 87552K, 16% used [0x00000000c0000000,0x00000000c0e29bd0,0x00000000c5580000)
 Metaspace       used 6129K, capacity 7088K, committed 7296K, reserved 1056768K
  class space    used 592K, capacity 616K, committed 640K, reserved 1048576K

Card table byte_map: [0x0000000011c60000,0x0000000011e70000] byte_map_base: 0x0000000011660000

Marking Bits: (ParMarkBitMap*) 0x000000006886d4f0
 Begin Bits: [0x00000000127d0000, 0x00000000137d0000)
 End Bits:   [0x00000000137d0000, 0x00000000147d0000)

Polling page: 0x0000000000e60000

CodeCache: size=245760Kb used=5318Kb max_used=5318Kb free=240441Kb
 bounds [0x00000000028a0000, 0x0000000002de0000, 0x00000000118a0000]
 total_blobs=1643 nmethods=1378 adapters=178
 compilation: enabled

Compilation events (10 events):
Event: 29.925 Thread 0x0000000017468000 nmethod 1396 0x0000000002dce050 code [0x0000000002dce2e0, 0x0000000002dcf408]
Event: 29.925 Thread 0x0000000017468000 1406       1       com.android.dx.rop.cst.TypedConstant::isConstant (2 bytes)
Event: 29.925 Thread 0x0000000017468000 nmethod 1406 0x0000000002dc0910 code [0x0000000002dc0a60, 0x0000000002dc0b70]
Event: 29.925 Thread 0x0000000017468000 1398   !   3       com.android.dx.cf.code.Merger::mergeStack (192 bytes)
Event: 29.929 Thread 0x0000000017468000 nmethod 1398 0x0000000002dcffd0 code [0x0000000002dd0360, 0x0000000002dd22d8]
Event: 29.929 Thread 0x0000000017468000 1407       3       com.android.dx.ssa.back.FirstFitLocalCombiningAllocator::handleNormalUnassociated (99 bytes)
Event: 29.931 Thread 0x0000000017468000 nmethod 1407 0x0000000002dd3410 code [0x0000000002dd36c0, 0x0000000002dd4a78]
Event: 29.931 Thread 0x0000000017468000 1404       3       com.android.dx.rop.code.Insn::canThrow (8 bytes)
Event: 29.931 Thread 0x0000000017468000 nmethod 1404 0x0000000002dd5510 code [0x0000000002dd5680, 0x0000000002dd59e8]
Event: 29.931 Thread 0x0000000017468000 1399       3       com.android.dx.cf.code.Simulator$SimVisitor::visitNoArgs (2136 bytes)

GC Heap History (6 events):
Event: 29.572 GC heap before
{Heap before GC invocations=1 (full 0):
 PSYoungGen      total 38400K, used 33280K [0x00000000eab00000, 0x00000000ed580000, 0x0000000100000000)
  eden space 33280K, 100% used [0x00000000eab00000,0x00000000ecb80000,0x00000000ecb80000)
  from space 5120K, 0% used [0x00000000ed080000,0x00000000ed080000,0x00000000ed580000)
  to   space 5120K, 0% used [0x00000000ecb80000,0x00000000ecb80000,0x00000000ed080000)
 ParOldGen       total 87552K, used 0K [0x00000000c0000000, 0x00000000c5580000, 0x00000000eab00000)
  object space 87552K, 0% used [0x00000000c0000000,0x00000000c0000000,0x00000000c5580000)
 Metaspace       used 5933K, capacity 6896K, committed 7040K, reserved 1056768K
  class space    used 591K, capacity 616K, committed 640K, reserved 1048576K
Event: 29.622 GC heap after
Heap after GC invocations=1 (full 0):
 PSYoungGen      total 38400K, used 5095K [0x00000000eab00000, 0x00000000ed580000, 0x0000000100000000)
  eden space 33280K, 0% used [0x00000000eab00000,0x00000000eab00000,0x00000000ecb80000)
  from space 5120K, 99% used [0x00000000ecb80000,0x00000000ed079da0,0x00000000ed080000)
  to   space 5120K, 0% used [0x00000000ed080000,0x00000000ed080000,0x00000000ed580000)
 ParOldGen       total 87552K, used 1157K [0x00000000c0000000, 0x00000000c5580000, 0x00000000eab00000)
  object space 87552K, 1% used [0x00000000c0000000,0x00000000c01216f0,0x00000000c5580000)
 Metaspace       used 5933K, capacity 6896K, committed 7040K, reserved 1056768K
  class space    used 591K, capacity 616K, committed 640K, reserved 1048576K
}
Event: 30.036 GC heap before
{Heap before GC invocations=2 (full 0):
 PSYoungGen      total 38400K, used 38375K [0x00000000eab00000, 0x00000000ed580000, 0x0000000100000000)
  eden space 33280K, 100% used [0x00000000eab00000,0x00000000ecb80000,0x00000000ecb80000)
  from space 5120K, 99% used [0x00000000ecb80000,0x00000000ed079da0,0x00000000ed080000)
  to   space 5120K, 0% used [0x00000000ed080000,0x00000000ed080000,0x00000000ed580000)
 ParOldGen       total 87552K, used 1157K [0x00000000c0000000, 0x00000000c5580000, 0x00000000eab00000)
  object space 87552K, 1% used [0x00000000c0000000,0x00000000c01216f0,0x00000000c5580000)
 Metaspace       used 6121K, capacity 7024K, committed 7296K, reserved 1056768K
  class space    used 592K, capacity 616K, committed 640K, reserved 1048576K
Event: 30.063 GC heap after
Heap after GC invocations=2 (full 0):
 PSYoungGen      total 38400K, used 5092K [0x00000000eab00000, 0x00000000ed580000, 0x0000000100000000)
  eden space 33280K, 0% used [0x00000000eab00000,0x00000000eab00000,0x00000000ecb80000)
  from space 5120K, 99% used [0x00000000ed080000,0x00000000ed5790c0,0x00000000ed580000)
  to   space 5120K, 0% used [0x00000000ecb80000,0x00000000ecb80000,0x00000000ed080000)
 ParOldGen       total 87552K, used 5809K [0x00000000c0000000, 0x00000000c5580000, 0x00000000eab00000)
  object space 87552K, 6% used [0x00000000c0000000,0x00000000c05ac620,0x00000000c5580000)
 Metaspace       used 6121K, capacity 7024K, committed 7296K, reserved 1056768K
  class space    used 592K, capacity 616K, committed 640K, reserved 1048576K
}
Event: 30.212 GC heap before
{Heap before GC invocations=3 (full 0):
 PSYoungGen      total 38400K, used 38372K [0x00000000eab00000, 0x00000000ed580000, 0x0000000100000000)
  eden space 33280K, 100% used [0x00000000eab00000,0x00000000ecb80000,0x00000000ecb80000)
  from space 5120K, 99% used [0x00000000ed080000,0x00000000ed5790c0,0x00000000ed580000)
  to   space 5120K, 0% used [0x00000000ecb80000,0x00000000ecb80000,0x00000000ed080000)
 ParOldGen       total 87552K, used 5809K [0x00000000c0000000, 0x00000000c5580000, 0x00000000eab00000)
  object space 87552K, 6% used [0x00000000c0000000,0x00000000c05ac620,0x00000000c5580000)
 Metaspace       used 6122K, capacity 7024K, committed 7296K, reserved 1056768K
  class space    used 592K, capacity 616K, committed 640K, reserved 1048576K
Event: 30.226 GC heap after
Heap after GC invocations=3 (full 0):
 PSYoungGen      total 38400K, used 5117K [0x00000000eab00000, 0x00000000ed580000, 0x0000000100000000)
  eden space 33280K, 0% used [0x00000000eab00000,0x00000000eab00000,0x00000000ecb80000)
  from space 5120K, 99% used [0x00000000ecb80000,0x00000000ed07f618,0x00000000ed080000)
  to   space 5120K, 0% used [0x00000000ed080000,0x00000000ed080000,0x00000000ed580000)
 ParOldGen       total 87552K, used 10156K [0x00000000c0000000, 0x00000000c5580000, 0x00000000eab00000)
  object space 87552K, 11% used [0x00000000c0000000,0x00000000c09eb278,0x00000000c5580000)
 Metaspace       used 6122K, capacity 7024K, committed 7296K, reserved 1056768K
  class space    used 592K, capacity 616K, committed 640K, reserved 1048576K
}

Deoptimization events (5 events):
Event: 28.443 Thread 0x0000000017746000 Uncommon trap: reason=bimorphic action=maybe_recompile pc=0x0000000002af5310 method=java.util.HashMap.getNode(ILjava/lang/Object;)Ljava/util/HashMap$Node; @ 126
Event: 29.968 Thread 0x0000000017746000 Uncommon trap: reason=unreached action=reinterpret pc=0x0000000002b6f19c method=com.android.dx.rop.cst.Constant.compareTo(Lcom/android/dx/rop/cst/Constant;)I @ 12
Event: 30.007 Thread 0x000000000264d800 Uncommon trap: reason=unloaded action=reinterpret pc=0x0000000002caf56c method=com.android.dx.cf.cst.ConstantPoolParser.parse0(ILjava/util/BitSet;)Lcom/android/dx/rop/cst/Constant; @ 198
Event: 30.093 Thread 0x0000000017774000 Uncommon trap: reason=bimorphic action=maybe_recompile pc=0x0000000002cfa374 method=java.util.HashMap.putVal(ILjava/lang/Object;Ljava/lang/Object;ZZ)Ljava/lang/Object; @ 203
Event: 30.243 Thread 0x000000000264d800 Uncommon trap: reason=unreached action=reinterpret pc=0x0000000002c92b5c method=com.android.dx.ssa.SsaMethod.updateOneDefinition(Lcom/android/dx/ssa/SsaInsn;Lcom/android/dx/rop/code/RegisterSpec;)V @ 4

Internal exceptions (10 events):
Event: 28.345 Thread 0x0000000017773800 Exception <a 'java/security/PrivilegedActionException'> (0x00000000ebb3b838) thrown at [C:\workspace\8-2-build-windows-amd64-cygwin\jdk8u31\2394\hotspot\src\share\vm\prims\jvm.cpp, line 1312]
Event: 28.347 Thread 0x0000000017773800 Exception <a 'java/security/PrivilegedActionException'> (0x00000000ebb40fe8) thrown at [C:\workspace\8-2-build-windows-amd64-cygwin\jdk8u31\2394\hotspot\src\share\vm\prims\jvm.cpp, line 1312]
Event: 28.348 Thread 0x0000000017773800 Exception <a 'java/security/PrivilegedActionException'> (0x00000000ebc2ce28) thrown at [C:\workspace\8-2-build-windows-amd64-cygwin\jdk8u31\2394\hotspot\src\share\vm\prims\jvm.cpp, line 1312]
Event: 28.381 Thread 0x0000000017746000 Exception <a 'java/security/PrivilegedActionException'> (0x00000000eba71d98) thrown at [C:\workspace\8-2-build-windows-amd64-cygwin\jdk8u31\2394\hotspot\src\share\vm\prims\jvm.cpp, line 1312]
Event: 28.478 Thread 0x0000000017746000 Exception <a 'java/security/PrivilegedActionException'> (0x00000000ebd84210) thrown at [C:\workspace\8-2-build-windows-amd64-cygwin\jdk8u31\2394\hotspot\src\share\vm\prims\jvm.cpp, line 1312]
Event: 28.513 Thread 0x0000000017773800 Exception <a 'java/security/PrivilegedActionException'> (0x00000000ebca8d40) thrown at [C:\workspace\8-2-build-windows-amd64-cygwin\jdk8u31\2394\hotspot\src\share\vm\prims\jvm.cpp, line 1312]
Event: 28.846 Thread 0x0000000017773800 Exception <a 'java/security/PrivilegedActionException'> (0x00000000ebeec980) thrown at [C:\workspace\8-2-build-windows-amd64-cygwin\jdk8u31\2394\hotspot\src\share\vm\prims\jvm.cpp, line 1312]
Event: 29.095 Thread 0x0000000017715000 Exception <a 'java/security/PrivilegedActionException'> (0x00000000ec38cc00) thrown at [C:\workspace\8-2-build-windows-amd64-cygwin\jdk8u31\2394\hotspot\src\share\vm\prims\jvm.cpp, line 1312]
Event: 29.735 Thread 0x000000000264d800 Exception <a 'java/security/PrivilegedActionException'> (0x00000000eb412cf8) thrown at [C:\workspace\8-2-build-windows-amd64-cygwin\jdk8u31\2394\hotspot\src\share\vm\prims\jvm.cpp, line 1312]
Event: 30.243 Thread 0x000000000264d800 Exception <a 'java/security/PrivilegedActionException'> (0x00000000eaf74a00) thrown at [C:\workspace\8-2-build-windows-amd64-cygwin\jdk8u31\2394\hotspot\src\share\vm\prims\jvm.cpp, line 1312]

Events (10 events):
Event: 30.093 Thread 0x0000000017774000 Uncommon trap: trap_request=0xffffffc6 fr.pc=0x0000000002cfa374
Event: 30.093 Thread 0x0000000017774000 DEOPT PACKING pc=0x0000000002cfa374 sp=0x0000000018cde6a0
Event: 30.093 Thread 0x0000000017774000 DEOPT UNPACKING pc=0x00000000028e556a sp=0x0000000018cde618 mode 2
Event: 30.212 Executing VM operation: ParallelGCFailedAllocation
Event: 30.226 Executing VM operation: ParallelGCFailedAllocation done
Event: 30.242 loading class com/android/dx/rop/code/RegOps
Event: 30.242 loading class com/android/dx/rop/code/RegOps done
Event: 30.243 Thread 0x000000000264d800 Uncommon trap: trap_request=0xffffffad fr.pc=0x0000000002c92b5c
Event: 30.243 Thread 0x000000000264d800 DEOPT PACKING pc=0x0000000002c92b5c sp=0x000000000278e520
Event: 30.243 Thread 0x000000000264d800 DEOPT UNPACKING pc=0x00000000028e556a sp=0x000000000278e4c8 mode 2


Dynamic libraries:
0x00007ff779620000 - 0x00007ff779654000 	C:\Program Files\Java\jdk1.8.0_31\bin\java.exe
0x00007ffc79220000 - 0x00007ffc793cd000 	C:\Windows\SYSTEM32\ntdll.dll
0x00007ffc77940000 - 0x00007ffc77a7e000 	C:\Windows\system32\KERNEL32.DLL
0x00007ffc76410000 - 0x00007ffc76525000 	C:\Windows\system32\KERNELBASE.dll
0x00007ffc74ec0000 - 0x00007ffc74f4e000 	C:\Windows\system32\apphelp.dll
0x00007ffc660f0000 - 0x00007ffc66143000 	C:\Windows\AppPatch\AppPatch64\AcGenral.DLL
0x00007ffc77890000 - 0x00007ffc7793a000 	C:\Windows\system32\msvcrt.dll
0x00007ffc76530000 - 0x00007ffc7655e000 	C:\Windows\system32\SspiCli.dll
0x00007ffc771d0000 - 0x00007ffc77224000 	C:\Windows\system32\SHLWAPI.dll
0x00007ffc77050000 - 0x00007ffc771c7000 	C:\Windows\system32\USER32.dll
0x00007ffc76cf0000 - 0x00007ffc76e84000 	C:\Windows\system32\ole32.dll
0x00007ffc77a80000 - 0x00007ffc78fa8000 	C:\Windows\system32\SHELL32.dll
0x00007ffc758c0000 - 0x00007ffc758e1000 	C:\Windows\SYSTEM32\USERENV.dll
0x00007ffc79070000 - 0x00007ffc7911a000 	C:\Windows\system32\ADVAPI32.dll
0x00007ffc68930000 - 0x00007ffc6894e000 	C:\Windows\SYSTEM32\MPR.dll
0x00007ffc772f0000 - 0x00007ffc77430000 	C:\Windows\system32\RPCRT4.dll
0x00007ffc79160000 - 0x00007ffc791b9000 	C:\Windows\SYSTEM32\sechost.dll
0x00007ffc77670000 - 0x00007ffc77881000 	C:\Windows\SYSTEM32\combase.dll
0x00007ffc768a0000 - 0x00007ffc769ef000 	C:\Windows\system32\GDI32.dll
0x00007ffc76340000 - 0x00007ffc76355000 	C:\Windows\SYSTEM32\profapi.dll
0x00007ffc74870000 - 0x00007ffc74922000 	C:\Windows\SYSTEM32\SHCORE.dll
0x00007ffc79120000 - 0x00007ffc79156000 	C:\Windows\system32\IMM32.DLL
0x00007ffc76ef0000 - 0x00007ffc77042000 	C:\Windows\system32\MSCTF.dll
0x00007ffc762f0000 - 0x00007ffc76321000 	C:\Windows\system32\nvinitx.dll
0x00007ffc762e0000 - 0x00007ffc762ea000 	C:\Windows\SYSTEM32\VERSION.dll
0x000000006bef0000 - 0x000000006bef6000 	C:\Program Files\NVIDIA Corporation\CoProcManager\_etoured.dll
0x00007ffc743b0000 - 0x00007ffc743e2000 	C:\Program Files\NVIDIA Corporation\CoProcManager\nvd3d9wrapx.dll
0x00007ffc76a10000 - 0x00007ffc76bea000 	C:\Windows\system32\SETUPAPI.dll
0x00007ffc76560000 - 0x00007ffc765af000 	C:\Windows\system32\CFGMGR32.dll
0x00007ffc74380000 - 0x00007ffc743a2000 	C:\Program Files\NVIDIA Corporation\CoProcManager\nvdxgiwrapx.dll
0x00007ffc743f0000 - 0x00007ffc7466b000 	C:\Windows\WinSxS\amd64_microsoft.windows.common-controls_6595b64144ccf1df_6.0.9600.18006_none_623f33d3ecbe86e8\COMCTL32.dll
0x00000000688f0000 - 0x00000000689c2000 	C:\Program Files\Java\jdk1.8.0_31\jre\bin\msvcr100.dll
0x0000000068090000 - 0x00000000688ea000 	C:\Program Files\Java\jdk1.8.0_31\jre\bin\server\jvm.dll
0x00007ffc6e370000 - 0x00007ffc6e379000 	C:\Windows\SYSTEM32\WSOCK32.dll
0x00007ffc71f30000 - 0x00007ffc71f52000 	C:\Windows\SYSTEM32\WINMM.dll
0x00007ffc769f0000 - 0x00007ffc769f7000 	C:\Windows\system32\PSAPI.DLL
0x00007ffc76e90000 - 0x00007ffc76eea000 	C:\Windows\system32\WS2_32.dll
0x00007ffc71a60000 - 0x00007ffc71a8a000 	C:\Windows\SYSTEM32\WINMMBASE.dll
0x00007ffc76ce0000 - 0x00007ffc76ce9000 	C:\Windows\system32\NSI.dll
0x00007ffc75140000 - 0x00007ffc75168000 	C:\Windows\SYSTEM32\DEVOBJ.dll
0x0000000068080000 - 0x000000006808f000 	C:\Program Files\Java\jdk1.8.0_31\jre\bin\verify.dll
0x0000000068050000 - 0x0000000068078000 	C:\Program Files\Java\jdk1.8.0_31\jre\bin\java.dll
0x0000000068030000 - 0x0000000068046000 	C:\Program Files\Java\jdk1.8.0_31\jre\bin\zip.dll
0x00007ffc6a490000 - 0x00007ffc6a619000 	C:\Windows\SYSTEM32\dbghelp.dll

VM Arguments:
jvm_args: -Djava.awt.headless=true -Xmx1024M -Dfile.encoding=windows-1252 -Duser.country=US -Duser.language=en -Duser.variant 
java_command: com.android.dx.command.Main --dex --force-jumbo --num-threads=4 --multi-dex --output C:\tmp\T03.05-Exercise-GoingGreen\app\intermediates\transforms\dex\debug\folders\1000\10\com.android.support-appcompat-v7-24.1.1_d75e4ecc3ed7446461c6edc17679413116900e0a C:\tmp\T03.05-Exercise-GoingGreen\app\intermediates\exploded-aar\com.android.support\appcompat-v7\24.1.1\jars\classes.jar
java_class_path (initial): D:\Android\sdk\build-tools\24.0.1\lib\dx.jar
Launcher Type: SUN_STANDARD

Environment Variables:
PATH=C:\ProgramData\Oracle\Java\javapath;C:\Windows\system32;C:\Windows;C:\Windows\System32\Wbem;C:\Windows\System32\WindowsPowerShell\v1.0\;C:\Program Files (x86)\NVIDIA Corporation\PhysX\Common;C:\Program Files\Java\jdk1.8.0_71\bin;C:\Program Files (x86)\Skype\Phone\;C:\Program Files\Microsoft SQL Server\120\Tools\Binn\;C:\Program Files\Microsoft SQL Server\130\Tools\Binn\;C:\Program Files (x86)\Windows Kits\10\Windows Performance Toolkit\;C:\Program Files (x86)\GtkSharp\2.12\bin;D:\nodejs\;C:\Users\Ngoc Nguyen\AppData\Roaming\npm
USERNAME=Ngoc Nguyen account
OS=Windows_NT
PROCESSOR_IDENTIFIER=Intel64 Family 6 Model 58 Stepping 9, GenuineIntel



---------------  S Y S T E M  ---------------

OS: Windows 8.1 , 64 bit Build 9600 

CPU:total 8 (4 cores per cpu, 2 threads per core) family 6 model 58 stepping 9, cmov, cx8, fxsr, mmx, sse, sse2, sse3, ssse3, sse4.1, sse4.2, popcnt, avx, aes, clmul, erms, ht, tsc, tscinvbit, tscinv

Memory: 4k page, physical 8271356k(992764k free), swap 11417084k(541072k free)

vm_info: Java HotSpot(TM) 64-Bit Server VM (25.31-b07) for windows-amd64 JRE (1.8.0_31-b13), built on Dec 17 2014 21:00:28 by "java_re" with MS VC++ 10.0 (VS2010)

time: Sun Jan 01 00:37:05 2017
elapsed time: 48 seconds (0d 0h 0m 48s)

