JvmtiExport can_access_local_variables 0
JvmtiExport can_hotswap_or_post_breakpoint 0
JvmtiExport can_post_on_exceptions 0
# 374 ciObject found
ciMethod java/lang/Object <init> ()V 4097 1 303557 0 0
ciMethod java/lang/Object getClass ()Ljava/lang/Class; 3073 1 384 0 -1
ciMethod java/lang/Object hashCode ()I 2049 1 256 0 -1
ciMethod java/lang/Object equals (Ljava/lang/Object;)Z 4097 1 6656 0 64
ciMethod java/lang/String compareTo (Ljava/lang/String;)I 977 25017 2259 0 -1
ciMethod java/lang/Class getName ()Ljava/lang/String; 177 1 22 0 -1
ciMethod java/lang/System arraycopy (Ljava/lang/Object;ILjava/lang/Object;II)V 5121 1 640 0 -1
ciMethod java/lang/Long numberOfTrailingZeros (J)I 1689 1 6359 0 -1
ciMethod java/util/Iterator hasNext ()Z 0 0 1 0 -1
ciMethod java/util/Iterator next ()Ljava/lang/Object; 0 0 1 0 -1
ciMethod java/util/ArrayList ensureCapacity (I)V 4097 1 13237 0 -1
ciMethod java/util/ArrayList ensureCapacityInternal (I)V 641 1 92249 0 -1
ciMethod java/util/ArrayList size ()I 1097 1 137 0 0
ciMethod java/util/ArrayList elementData (I)Ljava/lang/Object; 2081 1 245444 0 0
ciMethod java/util/ArrayList get (I)Ljava/lang/Object; 2081 1 235820 0 128
ciMethod java/util/ArrayList set (ILjava/lang/Object;)Ljava/lang/Object; 4097 1 3326 0 0
ciMethod java/util/ArrayList add (Ljava/lang/Object;)Z 641 1 88212 0 736
ciMethod java/util/ArrayList remove (I)Ljava/lang/Object; 2417 1 5428 0 352
ciMethod java/util/ArrayList rangeCheck (I)V 2081 1 244513 0 64
ciMethod java/util/ArrayList iterator ()Ljava/util/Iterator; 2153 1 40829 0 192
ciMethod java/util/ArrayList access$100 (Ljava/util/ArrayList;)I 2177 1 272 0 0
ciMethod java/util/HashMap hash (Ljava/lang/Object;)I 2137 1 49266 0 0
ciMethod java/util/HashMap get (Ljava/lang/Object;)Ljava/lang/Object; 2049 1 27586 0 512
ciMethod java/util/HashMap getNode (ILjava/lang/Object;)Ljava/util/HashMap$Node; 2089 49 6788 0 864
ciMethod java/util/HashMap containsKey (Ljava/lang/Object;)Z 113 1 9383 0 0
ciMethod java/util/HashMap put (Ljava/lang/Object;Ljava/lang/Object;)Ljava/lang/Object; 2113 1 11767 0 0
ciMethod java/util/HashMap putVal (ILjava/lang/Object;Ljava/lang/Object;ZZ)Ljava/lang/Object; 2073 345 6717 0 2176
ciMethod java/util/HashMap resize ()[Ljava/util/HashMap$Node; 105 5057 2103 0 -1
ciMethod java/util/HashMap treeifyBin ([Ljava/util/HashMap$Node;I)V 0 0 1 0 -1
ciMethod java/util/HashMap newNode (ILjava/lang/Object;Ljava/lang/Object;Ljava/util/HashMap$Node;)Ljava/util/HashMap$Node; 2049 1 5731 0 -1
ciMethod java/util/HashMap afterNodeAccess (Ljava/util/HashMap$Node;)V 4097 1 967 0 -1
ciMethod java/util/HashMap afterNodeInsertion (Z)V 2049 1 1283 0 -1
ciMethodData java/lang/Object <init> ()V 2 303568 orig 264 104 158 100 104 0 0 0 0 136 4 159 20 0 0 0 0 32 1 0 0 0 0 0 0 0 0 0 0 0 0 0 0 0 0 0 0 0 0 0 0 0 0 0 0 0 0 0 0 0 0 0 0 0 0 0 0 0 0 0 0 0 0 0 0 0 0 0 0 0 0 0 0 0 0 0 0 0 0 0 0 77 68 79 32 101 120 116 114 97 32 100 97 116 97 32 108 111 99 107 0 0 0 0 0 0 0 0 0 0 0 0 0 0 0 0 0 0 0 0 0 0 0 0 0 0 0 0 0 0 0 0 0 0 0 0 0 0 0 0 0 0 0 0 0 0 0 0 0 0 0 0 0 0 0 0 0 0 0 0 0 0 0 0 0 0 0 0 0 0 0 0 0 0 0 0 0 0 0 0 0 0 0 0 0 1 0 0 0 0 0 0 0 1 0 0 0 0 0 0 0 1 0 0 0 0 0 0 0 0 0 0 0 0 0 0 0 0 2 0 0 129 254 36 0 1 0 0 0 0 0 0 0 0 0 0 0 2 0 0 0 0 0 3 0 3 0 0 0 0 0 0 0 255 255 255 255 0 0 0 0 0 0 0 0 data 0 oops 0
ciMethod java/util/HashMap$TreeNode getTreeNode (ILjava/lang/Object;)Ljava/util/HashMap$TreeNode; 0 0 1 0 -1
ciMethod java/util/HashMap$TreeNode putTreeVal (Ljava/util/HashMap;[Ljava/util/HashMap$Node;ILjava/lang/Object;Ljava/lang/Object;)Ljava/util/HashMap$TreeNode; 0 0 1 0 -1
ciMethod java/util/BitSet wordIndex (I)I 2057 1 43343 0 0
ciMethod java/util/BitSet checkInvariants ()V 2049 1 7321 0 32
ciMethod java/util/BitSet nextSetBit (I)I 3081 1 10440 0 256
ciMethod java/util/HashSet contains (Ljava/lang/Object;)Z 3545 1 8946 0 608
ciMethod java/util/HashSet add (Ljava/lang/Object;)Z 3033 1 5592 0 0
ciMethodData java/util/HashMap hash (Ljava/lang/Object;)I 2 49269 orig 264 104 158 100 104 0 0 0 0 184 135 173 20 0 0 0 0 176 1 0 0 32 0 0 0 0 0 0 0 0 0 0 0 0 0 0 0 0 0 0 0 0 0 0 0 0 0 0 0 0 0 0 0 0 0 0 0 0 0 0 0 0 0 0 0 0 0 0 0 0 0 0 0 0 0 0 0 0 0 0 0 77 68 79 32 101 120 116 114 97 32 100 97 116 97 32 108 111 99 107 0 0 0 0 0 0 0 0 0 0 0 0 0 0 0 0 0 0 0 0 0 0 0 0 0 0 0 0 0 0 0 0 0 0 0 0 0 0 0 0 0 0 0 0 0 0 0 0 0 0 0 0 0 0 0 0 0 0 0 0 0 0 0 0 0 0 0 0 0 0 0 0 0 0 0 0 0 0 0 0 0 0 0 0 0 0 0 0 0 0 0 0 0 0 0 0 0 0 0 0 0 0 0 0 0 0 0 0 0 0 0 0 0 0 0 0 0 10 1 0 0 81 251 5 0 1 0 0 0 0 0 0 0 0 0 0 0 2 0 0 0 0 0 6 0 3 0 1 0 104 0 0 0 255 255 255 255 7 0 1 0 0 0 0 0 data 13 0x10007 0xbf72 0x38 0x0 0x50003 0x0 0x48 0x90005 0x50a4 0x286ee20 0x320f 0x1950b4b0 0x1e8 oops 2