JvmtiExport can_access_local_variables 0
JvmtiExport can_hotswap_or_post_breakpoint 0
JvmtiExport can_post_on_exceptions 0
# 291 ciObject found
ciMethod java/lang/Object <init> ()V 4097 1 231626 0 0
ciMethod java/lang/Object getClass ()Ljava/lang/Class; 2049 1 256 0 -1
ciMethod java/lang/Object equals (Ljava/lang/Object;)Z 4097 1 5691 0 -1
ciMethod java/lang/String equals (Ljava/lang/Object;)Z 2241 11841 1820 0 -1
ciMethod java/lang/String compareTo (Ljava/lang/String;)I 1041 31625 1577 0 -1
ciMethod java/lang/Class getName ()Ljava/lang/String; 177 1 30 0 -1
ciMethod java/lang/System arraycopy (Ljava/lang/Object;ILjava/lang/Object;II)V 5121 1 640 0 -1
ciMethod java/lang/StringBuilder <init> ()V 617 1 2785 0 -1
ciMethod java/lang/StringBuilder append (Ljava/lang/String;)Ljava/lang/StringBuilder; 1241 1 6690 0 -1
ciMethod java/lang/StringBuilder toString ()Ljava/lang/String; 657 1 2796 0 -1
ciMethod java/lang/NullPointerException <init> (Ljava/lang/String;)V 0 0 1 0 -1
ciMethod java/util/List size ()I 0 0 1 0 -1
ciMethod java/util/List get (I)Ljava/lang/Object; 0 0 1 0 -1
ciMethod java/lang/Math max (II)I 225 1 22169 0 -1
ciMethod java/lang/Math min (II)I 3081 1 26523 0 -1
ciMethod java/util/ArrayList size ()I 1097 1 137 0 0
ciMethod java/util/ArrayList elementData (I)Ljava/lang/Object; 2081 1 217198 0 0
ciMethod java/util/ArrayList get (I)Ljava/lang/Object; 2081 1 208115 0 128
ciMethod java/util/ArrayList rangeCheck (I)V 2081 1 215670 0 64
ciMethod java/util/HashMap hash (Ljava/lang/Object;)I 2169 1 36397 0 -1
ciMethod java/util/HashMap get (Ljava/lang/Object;)Ljava/lang/Object; 2065 1 19552 0 -1
ciMethod java/util/HashMap put (Ljava/lang/Object;Ljava/lang/Object;)Ljava/lang/Object; 2113 1 8848 0 1792
ciMethod java/util/HashMap putVal (ILjava/lang/Object;Ljava/lang/Object;ZZ)Ljava/lang/Object; 2113 345 5683 0 -1
ciMethod java/util/Arrays copyOf ([JI)[J 9 1 29 0 0
ciMethodData java/lang/Object <init> ()V 2 231626 orig 264 104 158 100 104 0 0 0 0 136 4 226 20 0 0 0 0 32 1 0 0 0 0 0 0 0 0 0 0 0 0 0 0 0 0 0 0 0 0 0 0 0 0 0 0 0 0 0 0 0 0 0 0 0 0 0 0 0 0 0 0 0 0 0 0 0 0 0 0 0 0 0 0 0 0 0 0 0 0 0 0 77 68 79 32 101 120 116 114 97 32 100 97 116 97 32 108 111 99 107 0 0 0 0 0 0 0 0 0 0 0 0 0 0 0 0 0 0 0 0 0 0 0 0 0 0 0 0 0 0 0 0 0 0 0 0 0 0 0 0 0 0 0 0 0 0 0 0 0 0 0 0 0 0 0 0 0 0 0 0 0 0 0 0 0 0 0 0 0 0 0 0 0 0 0 0 0 0 0 0 0 0 0 0 0 1 0 0 0 0 0 0 0 1 0 0 0 0 0 0 0 1 0 0 0 0 0 0 0 0 0 0 0 0 0 0 0 0 2 0 0 81 54 28 0 1 0 0 0 0 0 0 0 0 0 0 0 2 0 0 0 0 0 3 0 3 0 0 0 0 0 0 0 255 255 255 255 0 0 0 0 0 0 0 0 data 0 oops 0
ciMethod java/lang/IllegalArgumentException <init> (Ljava/lang/String;)V 0 0 1 0 -1
ciMethod java/util/BitSet wordIndex (I)I 2057 1 32856 0 0
ciMethod java/util/BitSet checkInvariants ()V 2049 1 8203 0 32
ciMethod java/util/BitSet ensureCapacity (I)V 73 1 3879 0 0
ciMethod java/util/BitSet expandTo (I)V 3609 1 8675 0 0
ciMethod java/util/BitSet set (I)V 2505 1 6218 0 320
ciMethodData java/util/HashMap hash (Ljava/lang/Object;)I 2 36507 orig 264 104 158 100 104 0 0 0 0 184 135 240 20 0 0 0 0 176 1 0 0 32 0 0 0 0 0 0 0 0 0 0 0 0 0 0 0 0 0 0 0 0 0 0 0 0 0 0 0 0 0 0 0 0 0 0 0 0 0 0 0 0 0 0 0 0 0 0 0 0 0 0 0 0 0 0 0 0 0 0 0 77 68 79 32 101 120 116 114 97 32 100 97 116 97 32 108 111 99 107 0 0 0 0 0 0 0 0 0 0 0 0 0 0 0 0 0 0 0 0 0 0 0 0 0 0 0 0 0 0 0 0 0 0 0 0 0 0 0 0 0 0 0 0 0 0 0 0 0 0 0 0 0 0 0 0 0 0 0 0 0 0 0 0 0 0 0 0 0 0 0 0 0 0 0 0 0 0 0 0 0 0 0 0 0 17 0 0 0 0 0 0 0 0 0 0 0 0 0 0 0 0 0 0 0 0 0 0 0 0 0 0 0 0 0 0 0 14 1 0 0 97 108 4 0 1 0 0 0 0 0 0 0 0 0 0 0 2 0 0 0 0 0 6 0 4 0 1 0 104 0 0 0 255 255 255 255 7 0 1 0 0 0 0 0 data 13 0x10007 0x8d92 0x38 0x0 0x50003 0x0 0x48 0x90005 0x4b76 0x2ccee20 0x1a19 0x185516d0 0x1e2 oops 2